ERROR - 2017-03-15 08:25:33 - Twig_Error_Loader: Unable to find template "home/home.twig" (looked into: C:\wamp64\www\Yee-Ivo/templates). in C:\wamp64\www\Yee-Ivo\vendor\twig\twig\lib\Twig\Loader\Filesystem.php:232
Stack trace:
#0 C:\wamp64\www\Yee-Ivo\vendor\twig\twig\lib\Twig\Loader\Filesystem.php(150): Twig_Loader_Filesystem->findTemplate('home/home.twig')
#1 C:\wamp64\www\Yee-Ivo\vendor\twig\twig\lib\Twig\Environment.php(329): Twig_Loader_Filesystem->getCacheKey('home/home.twig')
#2 C:\wamp64\www\Yee-Ivo\vendor\twig\twig\lib\Twig\Environment.php(419): Twig_Environment->getTemplateClass('home/home.twig')
#3 C:\wamp64\www\Yee-Ivo\vendor\yeephp\yeephp\Yee\Views\Twig.php(87): Twig_Environment->loadTemplate('home/home.twig')
#4 C:\wamp64\www\Yee-Ivo\vendor\yeephp\yeephp\Yee\View.php(255): Yee\Views\Twig->render('home/home.twig', NULL)
#5 C:\wamp64\www\Yee-Ivo\vendor\yeephp\yeephp\Yee\View.php(243): Yee\View->fetch('home/home.twig', NULL)
#6 C:\wamp64\www\Yee-Ivo\vendor\yeephp\yeephp\Yee\Yee.php(764): Yee\View->display('home/home.twig')
#7 C:\wamp64\www\Yee-Ivo\App\Controllers\HomeController.php(17): Yee\Yee->render('home/home.twig')
#8 [internal function]: HomeController->index()
#9 C:\wamp64\www\Yee-Ivo\vendor\yeephp\yeephp\Yee\Managers\Controller\Controller.php(22): call_user_func_array(Array, Array)
#10 [internal function]: Yee\Managers\Controller\Controller::__callStatic('index', Array)
#11 C:\wamp64\www\Yee-Ivo\vendor\yeephp\yeephp\Yee\Route.php(462): call_user_func_array('HomeController:...', Array)
#12 C:\wamp64\www\Yee-Ivo\vendor\yeephp\yeephp\Yee\Yee.php(1333): Yee\Route->dispatch()
#13 C:\wamp64\www\Yee-Ivo\vendor\yeephp\yeephp\Yee\Middleware\Flash.php(85): Yee\Yee->call()
#14 C:\wamp64\www\Yee-Ivo\vendor\yeephp\yeephp\Yee\Middleware\MethodOverride.php(92): Yee\Middleware\Flash->call()
#15 C:\wamp64\www\Yee-Ivo\vendor\yeephp\yeephp\Yee\Middleware\PrettyExceptions.php(67): Yee\Middleware\MethodOverride->call()
#16 C:\wamp64\www\Yee-Ivo\vendor\yeephp\yeephp\Yee\Yee.php(1278): Yee\Middleware\PrettyExceptions->call()
#17 C:\wamp64\www\Yee-Ivo\public\index.php(31): Yee\Yee->execute()
#18 {main}
ERROR - 2017-03-15 08:28:05 - Twig_Error_Loader: Unable to find template "public/css/custom.css" (looked into: C:\wamp64\www\Yee-Ivo/templates) in "HomeFolder/home.twig" at line 1. in C:\wamp64\www\Yee-Ivo\vendor\twig\twig\lib\Twig\Loader\Filesystem.php:232
Stack trace:
#0 C:\wamp64\www\Yee-Ivo\vendor\twig\twig\lib\Twig\Loader\Filesystem.php(150): Twig_Loader_Filesystem->findTemplate('public/css/cust...')
#1 C:\wamp64\www\Yee-Ivo\vendor\twig\twig\lib\Twig\Environment.php(329): Twig_Loader_Filesystem->getCacheKey('public/css/cust...')
#2 C:\wamp64\www\Yee-Ivo\vendor\twig\twig\lib\Twig\Environment.php(419): Twig_Environment->getTemplateClass('public/css/cust...')
#3 C:\wamp64\www\Yee-Ivo\vendor\twig\twig\lib\Twig\Template.php(366): Twig_Environment->loadTemplate('public/css/cust...', NULL)
#4 C:\wamp64\www\Yee-Ivo\vendor\twig\twig\lib\Twig\Environment.php(462) : eval()'d code(19): Twig_Template->loadTemplate('public/css/cust...', 'HomeFolder/home...', 1)
#5 C:\wamp64\www\Yee-Ivo\vendor\twig\twig\lib\Twig\Template.php(432): __TwigTemplate_7b3f23c41e9309c762c0fe2b6c0d53f401f0ba24dc52b70b9638b1eed9485251->doDisplay(Array, Array)
#6 C:\wamp64\www\Yee-Ivo\vendor\twig\twig\lib\Twig\Template.php(403): Twig_Template->displayWithErrorHandling(Array, Array)
#7 C:\wamp64\www\Yee-Ivo\vendor\twig\twig\lib\Twig\Template.php(411): Twig_Template->display(Array)
#8 C:\wamp64\www\Yee-Ivo\vendor\yeephp\yeephp\Yee\Views\Twig.php(91): Twig_Template->render(Array)
#9 C:\wamp64\www\Yee-Ivo\vendor\yeephp\yeephp\Yee\View.php(255): Yee\Views\Twig->render('HomeFolder/home...', Array)
#10 C:\wamp64\www\Yee-Ivo\vendor\yeephp\yeephp\Yee\View.php(243): Yee\View->fetch('HomeFolder/home...', NULL)
#11 C:\wamp64\www\Yee-Ivo\vendor\yeephp\yeephp\Yee\Yee.php(764): Yee\View->display('HomeFolder/home...')
#12 C:\wamp64\www\Yee-Ivo\App\Controllers\HomeController.php(17): Yee\Yee->render('HomeFolder/home...')
#13 [internal function]: HomeController->index()
#14 C:\wamp64\www\Yee-Ivo\vendor\yeephp\yeephp\Yee\Managers\Controller\Controller.php(22): call_user_func_array(Array, Array)
#15 [internal function]: Yee\Managers\Controller\Controller::__callStatic('index', Array)
#16 C:\wamp64\www\Yee-Ivo\vendor\yeephp\yeephp\Yee\Route.php(462): call_user_func_array('HomeController:...', Array)
#17 C:\wamp64\www\Yee-Ivo\vendor\yeephp\yeephp\Yee\Yee.php(1333): Yee\Route->dispatch()
#18 C:\wamp64\www\Yee-Ivo\vendor\yeephp\yeephp\Yee\Middleware\Flash.php(85): Yee\Yee->call()
#19 C:\wamp64\www\Yee-Ivo\vendor\yeephp\yeephp\Yee\Middleware\MethodOverride.php(92): Yee\Middleware\Flash->call()
#20 C:\wamp64\www\Yee-Ivo\vendor\yeephp\yeephp\Yee\Middleware\PrettyExceptions.php(67): Yee\Middleware\MethodOverride->call()
#21 C:\wamp64\www\Yee-Ivo\vendor\yeephp\yeephp\Yee\Yee.php(1278): Yee\Middleware\PrettyExceptions->call()
#22 C:\wamp64\www\Yee-Ivo\public\index.php(31): Yee\Yee->execute()
#23 {main}
ERROR - 2017-03-15 08:45:56 - Twig_Error_Syntax: Unexpected "}". in C:\wamp64\www\Yee-Ivo\templates\HomeFolder\home.twig:2
Stack trace:
#0 C:\wamp64\www\Yee-Ivo\vendor\twig\twig\lib\Twig\Lexer.php(216): Twig_Lexer->lexExpression()
#1 C:\wamp64\www\Yee-Ivo\vendor\twig\twig\lib\Twig\Lexer.php(122): Twig_Lexer->lexBlock()
#2 C:\wamp64\www\Yee-Ivo\vendor\twig\twig\lib\Twig\Environment.php(653): Twig_Lexer->tokenize(Object(Twig_Source))
#3 C:\wamp64\www\Yee-Ivo\vendor\twig\twig\lib\Twig\Environment.php(750): Twig_Environment->tokenize(Object(Twig_Source))
#4 C:\wamp64\www\Yee-Ivo\vendor\twig\twig\lib\Twig\Environment.php(447): Twig_Environment->compileSource(Object(Twig_Source))
#5 C:\wamp64\www\Yee-Ivo\vendor\yeephp\yeephp\Yee\Views\Twig.php(87): Twig_Environment->loadTemplate('HomeFolder/home...')
#6 C:\wamp64\www\Yee-Ivo\vendor\yeephp\yeephp\Yee\View.php(255): Yee\Views\Twig->render('HomeFolder/home...', NULL)
#7 C:\wamp64\www\Yee-Ivo\vendor\yeephp\yeephp\Yee\View.php(243): Yee\View->fetch('HomeFolder/home...', NULL)
#8 C:\wamp64\www\Yee-Ivo\vendor\yeephp\yeephp\Yee\Yee.php(764): Yee\View->display('HomeFolder/home...')
#9 C:\wamp64\www\Yee-Ivo\App\Controllers\HomeController.php(17): Yee\Yee->render('HomeFolder/home...')
#10 [internal function]: HomeController->index()
#11 C:\wamp64\www\Yee-Ivo\vendor\yeephp\yeephp\Yee\Managers\Controller\Controller.php(22): call_user_func_array(Array, Array)
#12 [internal function]: Yee\Managers\Controller\Controller::__callStatic('index', Array)
#13 C:\wamp64\www\Yee-Ivo\vendor\yeephp\yeephp\Yee\Route.php(462): call_user_func_array('HomeController:...', Array)
#14 C:\wamp64\www\Yee-Ivo\vendor\yeephp\yeephp\Yee\Yee.php(1333): Yee\Route->dispatch()
#15 C:\wamp64\www\Yee-Ivo\vendor\yeephp\yeephp\Yee\Middleware\Flash.php(85): Yee\Yee->call()
#16 C:\wamp64\www\Yee-Ivo\vendor\yeephp\yeephp\Yee\Middleware\MethodOverride.php(92): Yee\Middleware\Flash->call()
#17 C:\wamp64\www\Yee-Ivo\vendor\yeephp\yeephp\Yee\Middleware\PrettyExceptions.php(67): Yee\Middleware\MethodOverride->call()
#18 C:\wamp64\www\Yee-Ivo\vendor\yeephp\yeephp\Yee\Yee.php(1278): Yee\Middleware\PrettyExceptions->call()
#19 C:\wamp64\www\Yee-Ivo\public\index.php(31): Yee\Yee->execute()
#20 {main}
ERROR - 2017-03-15 08:46:07 - Twig_Error_Loader: Unable to find template "css/custom.css" (looked into: C:\wamp64\www\Yee-Ivo/templates) in "HomeFolder/home.twig" at line 2. in C:\wamp64\www\Yee-Ivo\vendor\twig\twig\lib\Twig\Loader\Filesystem.php:232
Stack trace:
#0 C:\wamp64\www\Yee-Ivo\vendor\twig\twig\lib\Twig\Loader\Filesystem.php(150): Twig_Loader_Filesystem->findTemplate('css/custom.css')
#1 C:\wamp64\www\Yee-Ivo\vendor\twig\twig\lib\Twig\Environment.php(329): Twig_Loader_Filesystem->getCacheKey('css/custom.css')
#2 C:\wamp64\www\Yee-Ivo\vendor\twig\twig\lib\Twig\Environment.php(419): Twig_Environment->getTemplateClass('css/custom.css')
#3 C:\wamp64\www\Yee-Ivo\vendor\twig\twig\lib\Twig\Template.php(366): Twig_Environment->loadTemplate('css/custom.css', NULL)
#4 C:\wamp64\www\Yee-Ivo\vendor\twig\twig\lib\Twig\Environment.php(462) : eval()'d code(21): Twig_Template->loadTemplate('css/custom.css', 'HomeFolder/home...', 2)
#5 C:\wamp64\www\Yee-Ivo\vendor\twig\twig\lib\Twig\Template.php(432): __TwigTemplate_7b3f23c41e9309c762c0fe2b6c0d53f401f0ba24dc52b70b9638b1eed9485251->doDisplay(Array, Array)
#6 C:\wamp64\www\Yee-Ivo\vendor\twig\twig\lib\Twig\Template.php(403): Twig_Template->displayWithErrorHandling(Array, Array)
#7 C:\wamp64\www\Yee-Ivo\vendor\twig\twig\lib\Twig\Template.php(411): Twig_Template->display(Array)
#8 C:\wamp64\www\Yee-Ivo\vendor\yeephp\yeephp\Yee\Views\Twig.php(91): Twig_Template->render(Array)
#9 C:\wamp64\www\Yee-Ivo\vendor\yeephp\yeephp\Yee\View.php(255): Yee\Views\Twig->render('HomeFolder/home...', Array)
#10 C:\wamp64\www\Yee-Ivo\vendor\yeephp\yeephp\Yee\View.php(243): Yee\View->fetch('HomeFolder/home...', NULL)
#11 C:\wamp64\www\Yee-Ivo\vendor\yeephp\yeephp\Yee\Yee.php(764): Yee\View->display('HomeFolder/home...')
#12 C:\wamp64\www\Yee-Ivo\App\Controllers\HomeController.php(17): Yee\Yee->render('HomeFolder/home...')
#13 [internal function]: HomeController->index()
#14 C:\wamp64\www\Yee-Ivo\vendor\yeephp\yeephp\Yee\Managers\Controller\Controller.php(22): call_user_func_array(Array, Array)
#15 [internal function]: Yee\Managers\Controller\Controller::__callStatic('index', Array)
#16 C:\wamp64\www\Yee-Ivo\vendor\yeephp\yeephp\Yee\Route.php(462): call_user_func_array('HomeController:...', Array)
#17 C:\wamp64\www\Yee-Ivo\vendor\yeephp\yeephp\Yee\Yee.php(1333): Yee\Route->dispatch()
#18 C:\wamp64\www\Yee-Ivo\vendor\yeephp\yeephp\Yee\Middleware\Flash.php(85): Yee\Yee->call()
#19 C:\wamp64\www\Yee-Ivo\vendor\yeephp\yeephp\Yee\Middleware\MethodOverride.php(92): Yee\Middleware\Flash->call()
#20 C:\wamp64\www\Yee-Ivo\vendor\yeephp\yeephp\Yee\Middleware\PrettyExceptions.php(67): Yee\Middleware\MethodOverride->call()
#21 C:\wamp64\www\Yee-Ivo\vendor\yeephp\yeephp\Yee\Yee.php(1278): Yee\Middleware\PrettyExceptions->call()
#22 C:\wamp64\www\Yee-Ivo\public\index.php(31): Yee\Yee->execute()
#23 {main}
ERROR - 2017-03-15 08:46:54 - Twig_Error_Loader: Unable to find template "public/css/custom.css" (looked into: C:\wamp64\www\Yee-Ivo/templates) in "HomeFolder/home.twig" at line 2. in C:\wamp64\www\Yee-Ivo\vendor\twig\twig\lib\Twig\Loader\Filesystem.php:232
Stack trace:
#0 C:\wamp64\www\Yee-Ivo\vendor\twig\twig\lib\Twig\Loader\Filesystem.php(150): Twig_Loader_Filesystem->findTemplate('public/css/cust...')
#1 C:\wamp64\www\Yee-Ivo\vendor\twig\twig\lib\Twig\Environment.php(329): Twig_Loader_Filesystem->getCacheKey('public/css/cust...')
#2 C:\wamp64\www\Yee-Ivo\vendor\twig\twig\lib\Twig\Environment.php(419): Twig_Environment->getTemplateClass('public/css/cust...')
#3 C:\wamp64\www\Yee-Ivo\vendor\twig\twig\lib\Twig\Template.php(366): Twig_Environment->loadTemplate('public/css/cust...', NULL)
#4 C:\wamp64\www\Yee-Ivo\vendor\twig\twig\lib\Twig\Environment.php(462) : eval()'d code(21): Twig_Template->loadTemplate('public/css/cust...', 'HomeFolder/home...', 2)
#5 C:\wamp64\www\Yee-Ivo\vendor\twig\twig\lib\Twig\Template.php(432): __TwigTemplate_7b3f23c41e9309c762c0fe2b6c0d53f401f0ba24dc52b70b9638b1eed9485251->doDisplay(Array, Array)
#6 C:\wamp64\www\Yee-Ivo\vendor\twig\twig\lib\Twig\Template.php(403): Twig_Template->displayWithErrorHandling(Array, Array)
#7 C:\wamp64\www\Yee-Ivo\vendor\twig\twig\lib\Twig\Template.php(411): Twig_Template->display(Array)
#8 C:\wamp64\www\Yee-Ivo\vendor\yeephp\yeephp\Yee\Views\Twig.php(91): Twig_Template->render(Array)
#9 C:\wamp64\www\Yee-Ivo\vendor\yeephp\yeephp\Yee\View.php(255): Yee\Views\Twig->render('HomeFolder/home...', Array)
#10 C:\wamp64\www\Yee-Ivo\vendor\yeephp\yeephp\Yee\View.php(243): Yee\View->fetch('HomeFolder/home...', NULL)
#11 C:\wamp64\www\Yee-Ivo\vendor\yeephp\yeephp\Yee\Yee.php(764): Yee\View->display('HomeFolder/home...')
#12 C:\wamp64\www\Yee-Ivo\App\Controllers\HomeController.php(17): Yee\Yee->render('HomeFolder/home...')
#13 [internal function]: HomeController->index()
#14 C:\wamp64\www\Yee-Ivo\vendor\yeephp\yeephp\Yee\Managers\Controller\Controller.php(22): call_user_func_array(Array, Array)
#15 [internal function]: Yee\Managers\Controller\Controller::__callStatic('index', Array)
#16 C:\wamp64\www\Yee-Ivo\vendor\yeephp\yeephp\Yee\Route.php(462): call_user_func_array('HomeController:...', Array)
#17 C:\wamp64\www\Yee-Ivo\vendor\yeephp\yeephp\Yee\Yee.php(1333): Yee\Route->dispatch()
#18 C:\wamp64\www\Yee-Ivo\vendor\yeephp\yeephp\Yee\Middleware\Flash.php(85): Yee\Yee->call()
#19 C:\wamp64\www\Yee-Ivo\vendor\yeephp\yeephp\Yee\Middleware\MethodOverride.php(92): Yee\Middleware\Flash->call()
#20 C:\wamp64\www\Yee-Ivo\vendor\yeephp\yeephp\Yee\Middleware\PrettyExceptions.php(67): Yee\Middleware\MethodOverride->call()
#21 C:\wamp64\www\Yee-Ivo\vendor\yeephp\yeephp\Yee\Yee.php(1278): Yee\Middleware\PrettyExceptions->call()
#22 C:\wamp64\www\Yee-Ivo\public\index.php(31): Yee\Yee->execute()
#23 {main}
ERROR - 2017-03-15 08:46:55 - Twig_Error_Loader: Unable to find template "public/css/custom.css" (looked into: C:\wamp64\www\Yee-Ivo/templates) in "HomeFolder/home.twig" at line 2. in C:\wamp64\www\Yee-Ivo\vendor\twig\twig\lib\Twig\Loader\Filesystem.php:232
Stack trace:
#0 C:\wamp64\www\Yee-Ivo\vendor\twig\twig\lib\Twig\Loader\Filesystem.php(150): Twig_Loader_Filesystem->findTemplate('public/css/cust...')
#1 C:\wamp64\www\Yee-Ivo\vendor\twig\twig\lib\Twig\Environment.php(329): Twig_Loader_Filesystem->getCacheKey('public/css/cust...')
#2 C:\wamp64\www\Yee-Ivo\vendor\twig\twig\lib\Twig\Environment.php(419): Twig_Environment->getTemplateClass('public/css/cust...')
#3 C:\wamp64\www\Yee-Ivo\vendor\twig\twig\lib\Twig\Template.php(366): Twig_Environment->loadTemplate('public/css/cust...', NULL)
#4 C:\wamp64\www\Yee-Ivo\vendor\twig\twig\lib\Twig\Environment.php(462) : eval()'d code(21): Twig_Template->loadTemplate('public/css/cust...', 'HomeFolder/home...', 2)
#5 C:\wamp64\www\Yee-Ivo\vendor\twig\twig\lib\Twig\Template.php(432): __TwigTemplate_7b3f23c41e9309c762c0fe2b6c0d53f401f0ba24dc52b70b9638b1eed9485251->doDisplay(Array, Array)
#6 C:\wamp64\www\Yee-Ivo\vendor\twig\twig\lib\Twig\Template.php(403): Twig_Template->displayWithErrorHandling(Array, Array)
#7 C:\wamp64\www\Yee-Ivo\vendor\twig\twig\lib\Twig\Template.php(411): Twig_Template->display(Array)
#8 C:\wamp64\www\Yee-Ivo\vendor\yeephp\yeephp\Yee\Views\Twig.php(91): Twig_Template->render(Array)
#9 C:\wamp64\www\Yee-Ivo\vendor\yeephp\yeephp\Yee\View.php(255): Yee\Views\Twig->render('HomeFolder/home...', Array)
#10 C:\wamp64\www\Yee-Ivo\vendor\yeephp\yeephp\Yee\View.php(243): Yee\View->fetch('HomeFolder/home...', NULL)
#11 C:\wamp64\www\Yee-Ivo\vendor\yeephp\yeephp\Yee\Yee.php(764): Yee\View->display('HomeFolder/home...')
#12 C:\wamp64\www\Yee-Ivo\App\Controllers\HomeController.php(17): Yee\Yee->render('HomeFolder/home...')
#13 [internal function]: HomeController->index()
#14 C:\wamp64\www\Yee-Ivo\vendor\yeephp\yeephp\Yee\Managers\Controller\Controller.php(22): call_user_func_array(Array, Array)
#15 [internal function]: Yee\Managers\Controller\Controller::__callStatic('index', Array)
#16 C:\wamp64\www\Yee-Ivo\vendor\yeephp\yeephp\Yee\Route.php(462): call_user_func_array('HomeController:...', Array)
#17 C:\wamp64\www\Yee-Ivo\vendor\yeephp\yeephp\Yee\Yee.php(1333): Yee\Route->dispatch()
#18 C:\wamp64\www\Yee-Ivo\vendor\yeephp\yeephp\Yee\Middleware\Flash.php(85): Yee\Yee->call()
#19 C:\wamp64\www\Yee-Ivo\vendor\yeephp\yeephp\Yee\Middleware\MethodOverride.php(92): Yee\Middleware\Flash->call()
#20 C:\wamp64\www\Yee-Ivo\vendor\yeephp\yeephp\Yee\Middleware\PrettyExceptions.php(67): Yee\Middleware\MethodOverride->call()
#21 C:\wamp64\www\Yee-Ivo\vendor\yeephp\yeephp\Yee\Yee.php(1278): Yee\Middleware\PrettyExceptions->call()
#22 C:\wamp64\www\Yee-Ivo\public\index.php(31): Yee\Yee->execute()
#23 {main}
ERROR - 2017-03-15 08:46:56 - Twig_Error_Loader: Unable to find template "public/css/custom.css" (looked into: C:\wamp64\www\Yee-Ivo/templates) in "HomeFolder/home.twig" at line 2. in C:\wamp64\www\Yee-Ivo\vendor\twig\twig\lib\Twig\Loader\Filesystem.php:232
Stack trace:
#0 C:\wamp64\www\Yee-Ivo\vendor\twig\twig\lib\Twig\Loader\Filesystem.php(150): Twig_Loader_Filesystem->findTemplate('public/css/cust...')
#1 C:\wamp64\www\Yee-Ivo\vendor\twig\twig\lib\Twig\Environment.php(329): Twig_Loader_Filesystem->getCacheKey('public/css/cust...')
#2 C:\wamp64\www\Yee-Ivo\vendor\twig\twig\lib\Twig\Environment.php(419): Twig_Environment->getTemplateClass('public/css/cust...')
#3 C:\wamp64\www\Yee-Ivo\vendor\twig\twig\lib\Twig\Template.php(366): Twig_Environment->loadTemplate('public/css/cust...', NULL)
#4 C:\wamp64\www\Yee-Ivo\vendor\twig\twig\lib\Twig\Environment.php(462) : eval()'d code(21): Twig_Template->loadTemplate('public/css/cust...', 'HomeFolder/home...', 2)
#5 C:\wamp64\www\Yee-Ivo\vendor\twig\twig\lib\Twig\Template.php(432): __TwigTemplate_7b3f23c41e9309c762c0fe2b6c0d53f401f0ba24dc52b70b9638b1eed9485251->doDisplay(Array, Array)
#6 C:\wamp64\www\Yee-Ivo\vendor\twig\twig\lib\Twig\Template.php(403): Twig_Template->displayWithErrorHandling(Array, Array)
#7 C:\wamp64\www\Yee-Ivo\vendor\twig\twig\lib\Twig\Template.php(411): Twig_Template->display(Array)
#8 C:\wamp64\www\Yee-Ivo\vendor\yeephp\yeephp\Yee\Views\Twig.php(91): Twig_Template->render(Array)
#9 C:\wamp64\www\Yee-Ivo\vendor\yeephp\yeephp\Yee\View.php(255): Yee\Views\Twig->render('HomeFolder/home...', Array)
#10 C:\wamp64\www\Yee-Ivo\vendor\yeephp\yeephp\Yee\View.php(243): Yee\View->fetch('HomeFolder/home...', NULL)
#11 C:\wamp64\www\Yee-Ivo\vendor\yeephp\yeephp\Yee\Yee.php(764): Yee\View->display('HomeFolder/home...')
#12 C:\wamp64\www\Yee-Ivo\App\Controllers\HomeController.php(17): Yee\Yee->render('HomeFolder/home...')
#13 [internal function]: HomeController->index()
#14 C:\wamp64\www\Yee-Ivo\vendor\yeephp\yeephp\Yee\Managers\Controller\Controller.php(22): call_user_func_array(Array, Array)
#15 [internal function]: Yee\Managers\Controller\Controller::__callStatic('index', Array)
#16 C:\wamp64\www\Yee-Ivo\vendor\yeephp\yeephp\Yee\Route.php(462): call_user_func_array('HomeController:...', Array)
#17 C:\wamp64\www\Yee-Ivo\vendor\yeephp\yeephp\Yee\Yee.php(1333): Yee\Route->dispatch()
#18 C:\wamp64\www\Yee-Ivo\vendor\yeephp\yeephp\Yee\Middleware\Flash.php(85): Yee\Yee->call()
#19 C:\wamp64\www\Yee-Ivo\vendor\yeephp\yeephp\Yee\Middleware\MethodOverride.php(92): Yee\Middleware\Flash->call()
#20 C:\wamp64\www\Yee-Ivo\vendor\yeephp\yeephp\Yee\Middleware\PrettyExceptions.php(67): Yee\Middleware\MethodOverride->call()
#21 C:\wamp64\www\Yee-Ivo\vendor\yeephp\yeephp\Yee\Yee.php(1278): Yee\Middleware\PrettyExceptions->call()
#22 C:\wamp64\www\Yee-Ivo\public\index.php(31): Yee\Yee->execute()
#23 {main}
ERROR - 2017-03-15 08:46:56 - Twig_Error_Loader: Unable to find template "public/css/custom.css" (looked into: C:\wamp64\www\Yee-Ivo/templates) in "HomeFolder/home.twig" at line 2. in C:\wamp64\www\Yee-Ivo\vendor\twig\twig\lib\Twig\Loader\Filesystem.php:232
Stack trace:
#0 C:\wamp64\www\Yee-Ivo\vendor\twig\twig\lib\Twig\Loader\Filesystem.php(150): Twig_Loader_Filesystem->findTemplate('public/css/cust...')
#1 C:\wamp64\www\Yee-Ivo\vendor\twig\twig\lib\Twig\Environment.php(329): Twig_Loader_Filesystem->getCacheKey('public/css/cust...')
#2 C:\wamp64\www\Yee-Ivo\vendor\twig\twig\lib\Twig\Environment.php(419): Twig_Environment->getTemplateClass('public/css/cust...')
#3 C:\wamp64\www\Yee-Ivo\vendor\twig\twig\lib\Twig\Template.php(366): Twig_Environment->loadTemplate('public/css/cust...', NULL)
#4 C:\wamp64\www\Yee-Ivo\vendor\twig\twig\lib\Twig\Environment.php(462) : eval()'d code(21): Twig_Template->loadTemplate('public/css/cust...', 'HomeFolder/home...', 2)
#5 C:\wamp64\www\Yee-Ivo\vendor\twig\twig\lib\Twig\Template.php(432): __TwigTemplate_7b3f23c41e9309c762c0fe2b6c0d53f401f0ba24dc52b70b9638b1eed9485251->doDisplay(Array, Array)
#6 C:\wamp64\www\Yee-Ivo\vendor\twig\twig\lib\Twig\Template.php(403): Twig_Template->displayWithErrorHandling(Array, Array)
#7 C:\wamp64\www\Yee-Ivo\vendor\twig\twig\lib\Twig\Template.php(411): Twig_Template->display(Array)
#8 C:\wamp64\www\Yee-Ivo\vendor\yeephp\yeephp\Yee\Views\Twig.php(91): Twig_Template->render(Array)
#9 C:\wamp64\www\Yee-Ivo\vendor\yeephp\yeephp\Yee\View.php(255): Yee\Views\Twig->render('HomeFolder/home...', Array)
#10 C:\wamp64\www\Yee-Ivo\vendor\yeephp\yeephp\Yee\View.php(243): Yee\View->fetch('HomeFolder/home...', NULL)
#11 C:\wamp64\www\Yee-Ivo\vendor\yeephp\yeephp\Yee\Yee.php(764): Yee\View->display('HomeFolder/home...')
#12 C:\wamp64\www\Yee-Ivo\App\Controllers\HomeController.php(17): Yee\Yee->render('HomeFolder/home...')
#13 [internal function]: HomeController->index()
#14 C:\wamp64\www\Yee-Ivo\vendor\yeephp\yeephp\Yee\Managers\Controller\Controller.php(22): call_user_func_array(Array, Array)
#15 [internal function]: Yee\Managers\Controller\Controller::__callStatic('index', Array)
#16 C:\wamp64\www\Yee-Ivo\vendor\yeephp\yeephp\Yee\Route.php(462): call_user_func_array('HomeController:...', Array)
#17 C:\wamp64\www\Yee-Ivo\vendor\yeephp\yeephp\Yee\Yee.php(1333): Yee\Route->dispatch()
#18 C:\wamp64\www\Yee-Ivo\vendor\yeephp\yeephp\Yee\Middleware\Flash.php(85): Yee\Yee->call()
#19 C:\wamp64\www\Yee-Ivo\vendor\yeephp\yeephp\Yee\Middleware\MethodOverride.php(92): Yee\Middleware\Flash->call()
#20 C:\wamp64\www\Yee-Ivo\vendor\yeephp\yeephp\Yee\Middleware\PrettyExceptions.php(67): Yee\Middleware\MethodOverride->call()
#21 C:\wamp64\www\Yee-Ivo\vendor\yeephp\yeephp\Yee\Yee.php(1278): Yee\Middleware\PrettyExceptions->call()
#22 C:\wamp64\www\Yee-Ivo\public\index.php(31): Yee\Yee->execute()
#23 {main}
ERROR - 2017-03-15 08:46:56 - Twig_Error_Loader: Unable to find template "public/css/custom.css" (looked into: C:\wamp64\www\Yee-Ivo/templates) in "HomeFolder/home.twig" at line 2. in C:\wamp64\www\Yee-Ivo\vendor\twig\twig\lib\Twig\Loader\Filesystem.php:232
Stack trace:
#0 C:\wamp64\www\Yee-Ivo\vendor\twig\twig\lib\Twig\Loader\Filesystem.php(150): Twig_Loader_Filesystem->findTemplate('public/css/cust...')
#1 C:\wamp64\www\Yee-Ivo\vendor\twig\twig\lib\Twig\Environment.php(329): Twig_Loader_Filesystem->getCacheKey('public/css/cust...')
#2 C:\wamp64\www\Yee-Ivo\vendor\twig\twig\lib\Twig\Environment.php(419): Twig_Environment->getTemplateClass('public/css/cust...')
#3 C:\wamp64\www\Yee-Ivo\vendor\twig\twig\lib\Twig\Template.php(366): Twig_Environment->loadTemplate('public/css/cust...', NULL)
#4 C:\wamp64\www\Yee-Ivo\vendor\twig\twig\lib\Twig\Environment.php(462) : eval()'d code(21): Twig_Template->loadTemplate('public/css/cust...', 'HomeFolder/home...', 2)
#5 C:\wamp64\www\Yee-Ivo\vendor\twig\twig\lib\Twig\Template.php(432): __TwigTemplate_7b3f23c41e9309c762c0fe2b6c0d53f401f0ba24dc52b70b9638b1eed9485251->doDisplay(Array, Array)
#6 C:\wamp64\www\Yee-Ivo\vendor\twig\twig\lib\Twig\Template.php(403): Twig_Template->displayWithErrorHandling(Array, Array)
#7 C:\wamp64\www\Yee-Ivo\vendor\twig\twig\lib\Twig\Template.php(411): Twig_Template->display(Array)
#8 C:\wamp64\www\Yee-Ivo\vendor\yeephp\yeephp\Yee\Views\Twig.php(91): Twig_Template->render(Array)
#9 C:\wamp64\www\Yee-Ivo\vendor\yeephp\yeephp\Yee\View.php(255): Yee\Views\Twig->render('HomeFolder/home...', Array)
#10 C:\wamp64\www\Yee-Ivo\vendor\yeephp\yeephp\Yee\View.php(243): Yee\View->fetch('HomeFolder/home...', NULL)
#11 C:\wamp64\www\Yee-Ivo\vendor\yeephp\yeephp\Yee\Yee.php(764): Yee\View->display('HomeFolder/home...')
#12 C:\wamp64\www\Yee-Ivo\App\Controllers\HomeController.php(17): Yee\Yee->render('HomeFolder/home...')
#13 [internal function]: HomeController->index()
#14 C:\wamp64\www\Yee-Ivo\vendor\yeephp\yeephp\Yee\Managers\Controller\Controller.php(22): call_user_func_array(Array, Array)
#15 [internal function]: Yee\Managers\Controller\Controller::__callStatic('index', Array)
#16 C:\wamp64\www\Yee-Ivo\vendor\yeephp\yeephp\Yee\Route.php(462): call_user_func_array('HomeController:...', Array)
#17 C:\wamp64\www\Yee-Ivo\vendor\yeephp\yeephp\Yee\Yee.php(1333): Yee\Route->dispatch()
#18 C:\wamp64\www\Yee-Ivo\vendor\yeephp\yeephp\Yee\Middleware\Flash.php(85): Yee\Yee->call()
#19 C:\wamp64\www\Yee-Ivo\vendor\yeephp\yeephp\Yee\Middleware\MethodOverride.php(92): Yee\Middleware\Flash->call()
#20 C:\wamp64\www\Yee-Ivo\vendor\yeephp\yeephp\Yee\Middleware\PrettyExceptions.php(67): Yee\Middleware\MethodOverride->call()
#21 C:\wamp64\www\Yee-Ivo\vendor\yeephp\yeephp\Yee\Yee.php(1278): Yee\Middleware\PrettyExceptions->call()
#22 C:\wamp64\www\Yee-Ivo\public\index.php(31): Yee\Yee->execute()
#23 {main}
ERROR - 2017-03-15 08:46:57 - Twig_Error_Loader: Unable to find template "public/css/custom.css" (looked into: C:\wamp64\www\Yee-Ivo/templates) in "HomeFolder/home.twig" at line 2. in C:\wamp64\www\Yee-Ivo\vendor\twig\twig\lib\Twig\Loader\Filesystem.php:232
Stack trace:
#0 C:\wamp64\www\Yee-Ivo\vendor\twig\twig\lib\Twig\Loader\Filesystem.php(150): Twig_Loader_Filesystem->findTemplate('public/css/cust...')
#1 C:\wamp64\www\Yee-Ivo\vendor\twig\twig\lib\Twig\Environment.php(329): Twig_Loader_Filesystem->getCacheKey('public/css/cust...')
#2 C:\wamp64\www\Yee-Ivo\vendor\twig\twig\lib\Twig\Environment.php(419): Twig_Environment->getTemplateClass('public/css/cust...')
#3 C:\wamp64\www\Yee-Ivo\vendor\twig\twig\lib\Twig\Template.php(366): Twig_Environment->loadTemplate('public/css/cust...', NULL)
#4 C:\wamp64\www\Yee-Ivo\vendor\twig\twig\lib\Twig\Environment.php(462) : eval()'d code(21): Twig_Template->loadTemplate('public/css/cust...', 'HomeFolder/home...', 2)
#5 C:\wamp64\www\Yee-Ivo\vendor\twig\twig\lib\Twig\Template.php(432): __TwigTemplate_7b3f23c41e9309c762c0fe2b6c0d53f401f0ba24dc52b70b9638b1eed9485251->doDisplay(Array, Array)
#6 C:\wamp64\www\Yee-Ivo\vendor\twig\twig\lib\Twig\Template.php(403): Twig_Template->displayWithErrorHandling(Array, Array)
#7 C:\wamp64\www\Yee-Ivo\vendor\twig\twig\lib\Twig\Template.php(411): Twig_Template->display(Array)
#8 C:\wamp64\www\Yee-Ivo\vendor\yeephp\yeephp\Yee\Views\Twig.php(91): Twig_Template->render(Array)
#9 C:\wamp64\www\Yee-Ivo\vendor\yeephp\yeephp\Yee\View.php(255): Yee\Views\Twig->render('HomeFolder/home...', Array)
#10 C:\wamp64\www\Yee-Ivo\vendor\yeephp\yeephp\Yee\View.php(243): Yee\View->fetch('HomeFolder/home...', NULL)
#11 C:\wamp64\www\Yee-Ivo\vendor\yeephp\yeephp\Yee\Yee.php(764): Yee\View->display('HomeFolder/home...')
#12 C:\wamp64\www\Yee-Ivo\App\Controllers\HomeController.php(17): Yee\Yee->render('HomeFolder/home...')
#13 [internal function]: HomeController->index()
#14 C:\wamp64\www\Yee-Ivo\vendor\yeephp\yeephp\Yee\Managers\Controller\Controller.php(22): call_user_func_array(Array, Array)
#15 [internal function]: Yee\Managers\Controller\Controller::__callStatic('index', Array)
#16 C:\wamp64\www\Yee-Ivo\vendor\yeephp\yeephp\Yee\Route.php(462): call_user_func_array('HomeController:...', Array)
#17 C:\wamp64\www\Yee-Ivo\vendor\yeephp\yeephp\Yee\Yee.php(1333): Yee\Route->dispatch()
#18 C:\wamp64\www\Yee-Ivo\vendor\yeephp\yeephp\Yee\Middleware\Flash.php(85): Yee\Yee->call()
#19 C:\wamp64\www\Yee-Ivo\vendor\yeephp\yeephp\Yee\Middleware\MethodOverride.php(92): Yee\Middleware\Flash->call()
#20 C:\wamp64\www\Yee-Ivo\vendor\yeephp\yeephp\Yee\Middleware\PrettyExceptions.php(67): Yee\Middleware\MethodOverride->call()
#21 C:\wamp64\www\Yee-Ivo\vendor\yeephp\yeephp\Yee\Yee.php(1278): Yee\Middleware\PrettyExceptions->call()
#22 C:\wamp64\www\Yee-Ivo\public\index.php(31): Yee\Yee->execute()
#23 {main}
ERROR - 2017-03-15 08:46:57 - Twig_Error_Loader: Unable to find template "public/css/custom.css" (looked into: C:\wamp64\www\Yee-Ivo/templates) in "HomeFolder/home.twig" at line 2. in C:\wamp64\www\Yee-Ivo\vendor\twig\twig\lib\Twig\Loader\Filesystem.php:232
Stack trace:
#0 C:\wamp64\www\Yee-Ivo\vendor\twig\twig\lib\Twig\Loader\Filesystem.php(150): Twig_Loader_Filesystem->findTemplate('public/css/cust...')
#1 C:\wamp64\www\Yee-Ivo\vendor\twig\twig\lib\Twig\Environment.php(329): Twig_Loader_Filesystem->getCacheKey('public/css/cust...')
#2 C:\wamp64\www\Yee-Ivo\vendor\twig\twig\lib\Twig\Environment.php(419): Twig_Environment->getTemplateClass('public/css/cust...')
#3 C:\wamp64\www\Yee-Ivo\vendor\twig\twig\lib\Twig\Template.php(366): Twig_Environment->loadTemplate('public/css/cust...', NULL)
#4 C:\wamp64\www\Yee-Ivo\vendor\twig\twig\lib\Twig\Environment.php(462) : eval()'d code(21): Twig_Template->loadTemplate('public/css/cust...', 'HomeFolder/home...', 2)
#5 C:\wamp64\www\Yee-Ivo\vendor\twig\twig\lib\Twig\Template.php(432): __TwigTemplate_7b3f23c41e9309c762c0fe2b6c0d53f401f0ba24dc52b70b9638b1eed9485251->doDisplay(Array, Array)
#6 C:\wamp64\www\Yee-Ivo\vendor\twig\twig\lib\Twig\Template.php(403): Twig_Template->displayWithErrorHandling(Array, Array)
#7 C:\wamp64\www\Yee-Ivo\vendor\twig\twig\lib\Twig\Template.php(411): Twig_Template->display(Array)
#8 C:\wamp64\www\Yee-Ivo\vendor\yeephp\yeephp\Yee\Views\Twig.php(91): Twig_Template->render(Array)
#9 C:\wamp64\www\Yee-Ivo\vendor\yeephp\yeephp\Yee\View.php(255): Yee\Views\Twig->render('HomeFolder/home...', Array)
#10 C:\wamp64\www\Yee-Ivo\vendor\yeephp\yeephp\Yee\View.php(243): Yee\View->fetch('HomeFolder/home...', NULL)
#11 C:\wamp64\www\Yee-Ivo\vendor\yeephp\yeephp\Yee\Yee.php(764): Yee\View->display('HomeFolder/home...')
#12 C:\wamp64\www\Yee-Ivo\App\Controllers\HomeController.php(17): Yee\Yee->render('HomeFolder/home...')
#13 [internal function]: HomeController->index()
#14 C:\wamp64\www\Yee-Ivo\vendor\yeephp\yeephp\Yee\Managers\Controller\Controller.php(22): call_user_func_array(Array, Array)
#15 [internal function]: Yee\Managers\Controller\Controller::__callStatic('index', Array)
#16 C:\wamp64\www\Yee-Ivo\vendor\yeephp\yeephp\Yee\Route.php(462): call_user_func_array('HomeController:...', Array)
#17 C:\wamp64\www\Yee-Ivo\vendor\yeephp\yeephp\Yee\Yee.php(1333): Yee\Route->dispatch()
#18 C:\wamp64\www\Yee-Ivo\vendor\yeephp\yeephp\Yee\Middleware\Flash.php(85): Yee\Yee->call()
#19 C:\wamp64\www\Yee-Ivo\vendor\yeephp\yeephp\Yee\Middleware\MethodOverride.php(92): Yee\Middleware\Flash->call()
#20 C:\wamp64\www\Yee-Ivo\vendor\yeephp\yeephp\Yee\Middleware\PrettyExceptions.php(67): Yee\Middleware\MethodOverride->call()
#21 C:\wamp64\www\Yee-Ivo\vendor\yeephp\yeephp\Yee\Yee.php(1278): Yee\Middleware\PrettyExceptions->call()
#22 C:\wamp64\www\Yee-Ivo\public\index.php(31): Yee\Yee->execute()
#23 {main}
ERROR - 2017-03-15 08:46:57 - Twig_Error_Loader: Unable to find template "public/css/custom.css" (looked into: C:\wamp64\www\Yee-Ivo/templates) in "HomeFolder/home.twig" at line 2. in C:\wamp64\www\Yee-Ivo\vendor\twig\twig\lib\Twig\Loader\Filesystem.php:232
Stack trace:
#0 C:\wamp64\www\Yee-Ivo\vendor\twig\twig\lib\Twig\Loader\Filesystem.php(150): Twig_Loader_Filesystem->findTemplate('public/css/cust...')
#1 C:\wamp64\www\Yee-Ivo\vendor\twig\twig\lib\Twig\Environment.php(329): Twig_Loader_Filesystem->getCacheKey('public/css/cust...')
#2 C:\wamp64\www\Yee-Ivo\vendor\twig\twig\lib\Twig\Environment.php(419): Twig_Environment->getTemplateClass('public/css/cust...')
#3 C:\wamp64\www\Yee-Ivo\vendor\twig\twig\lib\Twig\Template.php(366): Twig_Environment->loadTemplate('public/css/cust...', NULL)
#4 C:\wamp64\www\Yee-Ivo\vendor\twig\twig\lib\Twig\Environment.php(462) : eval()'d code(21): Twig_Template->loadTemplate('public/css/cust...', 'HomeFolder/home...', 2)
#5 C:\wamp64\www\Yee-Ivo\vendor\twig\twig\lib\Twig\Template.php(432): __TwigTemplate_7b3f23c41e9309c762c0fe2b6c0d53f401f0ba24dc52b70b9638b1eed9485251->doDisplay(Array, Array)
#6 C:\wamp64\www\Yee-Ivo\vendor\twig\twig\lib\Twig\Template.php(403): Twig_Template->displayWithErrorHandling(Array, Array)
#7 C:\wamp64\www\Yee-Ivo\vendor\twig\twig\lib\Twig\Template.php(411): Twig_Template->display(Array)
#8 C:\wamp64\www\Yee-Ivo\vendor\yeephp\yeephp\Yee\Views\Twig.php(91): Twig_Template->render(Array)
#9 C:\wamp64\www\Yee-Ivo\vendor\yeephp\yeephp\Yee\View.php(255): Yee\Views\Twig->render('HomeFolder/home...', Array)
#10 C:\wamp64\www\Yee-Ivo\vendor\yeephp\yeephp\Yee\View.php(243): Yee\View->fetch('HomeFolder/home...', NULL)
#11 C:\wamp64\www\Yee-Ivo\vendor\yeephp\yeephp\Yee\Yee.php(764): Yee\View->display('HomeFolder/home...')
#12 C:\wamp64\www\Yee-Ivo\App\Controllers\HomeController.php(17): Yee\Yee->render('HomeFolder/home...')
#13 [internal function]: HomeController->index()
#14 C:\wamp64\www\Yee-Ivo\vendor\yeephp\yeephp\Yee\Managers\Controller\Controller.php(22): call_user_func_array(Array, Array)
#15 [internal function]: Yee\Managers\Controller\Controller::__callStatic('index', Array)
#16 C:\wamp64\www\Yee-Ivo\vendor\yeephp\yeephp\Yee\Route.php(462): call_user_func_array('HomeController:...', Array)
#17 C:\wamp64\www\Yee-Ivo\vendor\yeephp\yeephp\Yee\Yee.php(1333): Yee\Route->dispatch()
#18 C:\wamp64\www\Yee-Ivo\vendor\yeephp\yeephp\Yee\Middleware\Flash.php(85): Yee\Yee->call()
#19 C:\wamp64\www\Yee-Ivo\vendor\yeephp\yeephp\Yee\Middleware\MethodOverride.php(92): Yee\Middleware\Flash->call()
#20 C:\wamp64\www\Yee-Ivo\vendor\yeephp\yeephp\Yee\Middleware\PrettyExceptions.php(67): Yee\Middleware\MethodOverride->call()
#21 C:\wamp64\www\Yee-Ivo\vendor\yeephp\yeephp\Yee\Yee.php(1278): Yee\Middleware\PrettyExceptions->call()
#22 C:\wamp64\www\Yee-Ivo\public\index.php(31): Yee\Yee->execute()
#23 {main}
ERROR - 2017-03-15 08:46:58 - Twig_Error_Loader: Unable to find template "public/css/custom.css" (looked into: C:\wamp64\www\Yee-Ivo/templates) in "HomeFolder/home.twig" at line 2. in C:\wamp64\www\Yee-Ivo\vendor\twig\twig\lib\Twig\Loader\Filesystem.php:232
Stack trace:
#0 C:\wamp64\www\Yee-Ivo\vendor\twig\twig\lib\Twig\Loader\Filesystem.php(150): Twig_Loader_Filesystem->findTemplate('public/css/cust...')
#1 C:\wamp64\www\Yee-Ivo\vendor\twig\twig\lib\Twig\Environment.php(329): Twig_Loader_Filesystem->getCacheKey('public/css/cust...')
#2 C:\wamp64\www\Yee-Ivo\vendor\twig\twig\lib\Twig\Environment.php(419): Twig_Environment->getTemplateClass('public/css/cust...')
#3 C:\wamp64\www\Yee-Ivo\vendor\twig\twig\lib\Twig\Template.php(366): Twig_Environment->loadTemplate('public/css/cust...', NULL)
#4 C:\wamp64\www\Yee-Ivo\vendor\twig\twig\lib\Twig\Environment.php(462) : eval()'d code(21): Twig_Template->loadTemplate('public/css/cust...', 'HomeFolder/home...', 2)
#5 C:\wamp64\www\Yee-Ivo\vendor\twig\twig\lib\Twig\Template.php(432): __TwigTemplate_7b3f23c41e9309c762c0fe2b6c0d53f401f0ba24dc52b70b9638b1eed9485251->doDisplay(Array, Array)
#6 C:\wamp64\www\Yee-Ivo\vendor\twig\twig\lib\Twig\Template.php(403): Twig_Template->displayWithErrorHandling(Array, Array)
#7 C:\wamp64\www\Yee-Ivo\vendor\twig\twig\lib\Twig\Template.php(411): Twig_Template->display(Array)
#8 C:\wamp64\www\Yee-Ivo\vendor\yeephp\yeephp\Yee\Views\Twig.php(91): Twig_Template->render(Array)
#9 C:\wamp64\www\Yee-Ivo\vendor\yeephp\yeephp\Yee\View.php(255): Yee\Views\Twig->render('HomeFolder/home...', Array)
#10 C:\wamp64\www\Yee-Ivo\vendor\yeephp\yeephp\Yee\View.php(243): Yee\View->fetch('HomeFolder/home...', NULL)
#11 C:\wamp64\www\Yee-Ivo\vendor\yeephp\yeephp\Yee\Yee.php(764): Yee\View->display('HomeFolder/home...')
#12 C:\wamp64\www\Yee-Ivo\App\Controllers\HomeController.php(17): Yee\Yee->render('HomeFolder/home...')
#13 [internal function]: HomeController->index()
#14 C:\wamp64\www\Yee-Ivo\vendor\yeephp\yeephp\Yee\Managers\Controller\Controller.php(22): call_user_func_array(Array, Array)
#15 [internal function]: Yee\Managers\Controller\Controller::__callStatic('index', Array)
#16 C:\wamp64\www\Yee-Ivo\vendor\yeephp\yeephp\Yee\Route.php(462): call_user_func_array('HomeController:...', Array)
#17 C:\wamp64\www\Yee-Ivo\vendor\yeephp\yeephp\Yee\Yee.php(1333): Yee\Route->dispatch()
#18 C:\wamp64\www\Yee-Ivo\vendor\yeephp\yeephp\Yee\Middleware\Flash.php(85): Yee\Yee->call()
#19 C:\wamp64\www\Yee-Ivo\vendor\yeephp\yeephp\Yee\Middleware\MethodOverride.php(92): Yee\Middleware\Flash->call()
#20 C:\wamp64\www\Yee-Ivo\vendor\yeephp\yeephp\Yee\Middleware\PrettyExceptions.php(67): Yee\Middleware\MethodOverride->call()
#21 C:\wamp64\www\Yee-Ivo\vendor\yeephp\yeephp\Yee\Yee.php(1278): Yee\Middleware\PrettyExceptions->call()
#22 C:\wamp64\www\Yee-Ivo\public\index.php(31): Yee\Yee->execute()
#23 {main}
ERROR - 2017-03-15 08:46:58 - Twig_Error_Loader: Unable to find template "public/css/custom.css" (looked into: C:\wamp64\www\Yee-Ivo/templates) in "HomeFolder/home.twig" at line 2. in C:\wamp64\www\Yee-Ivo\vendor\twig\twig\lib\Twig\Loader\Filesystem.php:232
Stack trace:
#0 C:\wamp64\www\Yee-Ivo\vendor\twig\twig\lib\Twig\Loader\Filesystem.php(150): Twig_Loader_Filesystem->findTemplate('public/css/cust...')
#1 C:\wamp64\www\Yee-Ivo\vendor\twig\twig\lib\Twig\Environment.php(329): Twig_Loader_Filesystem->getCacheKey('public/css/cust...')
#2 C:\wamp64\www\Yee-Ivo\vendor\twig\twig\lib\Twig\Environment.php(419): Twig_Environment->getTemplateClass('public/css/cust...')
#3 C:\wamp64\www\Yee-Ivo\vendor\twig\twig\lib\Twig\Template.php(366): Twig_Environment->loadTemplate('public/css/cust...', NULL)
#4 C:\wamp64\www\Yee-Ivo\vendor\twig\twig\lib\Twig\Environment.php(462) : eval()'d code(21): Twig_Template->loadTemplate('public/css/cust...', 'HomeFolder/home...', 2)
#5 C:\wamp64\www\Yee-Ivo\vendor\twig\twig\lib\Twig\Template.php(432): __TwigTemplate_7b3f23c41e9309c762c0fe2b6c0d53f401f0ba24dc52b70b9638b1eed9485251->doDisplay(Array, Array)
#6 C:\wamp64\www\Yee-Ivo\vendor\twig\twig\lib\Twig\Template.php(403): Twig_Template->displayWithErrorHandling(Array, Array)
#7 C:\wamp64\www\Yee-Ivo\vendor\twig\twig\lib\Twig\Template.php(411): Twig_Template->display(Array)
#8 C:\wamp64\www\Yee-Ivo\vendor\yeephp\yeephp\Yee\Views\Twig.php(91): Twig_Template->render(Array)
#9 C:\wamp64\www\Yee-Ivo\vendor\yeephp\yeephp\Yee\View.php(255): Yee\Views\Twig->render('HomeFolder/home...', Array)
#10 C:\wamp64\www\Yee-Ivo\vendor\yeephp\yeephp\Yee\View.php(243): Yee\View->fetch('HomeFolder/home...', NULL)
#11 C:\wamp64\www\Yee-Ivo\vendor\yeephp\yeephp\Yee\Yee.php(764): Yee\View->display('HomeFolder/home...')
#12 C:\wamp64\www\Yee-Ivo\App\Controllers\HomeController.php(17): Yee\Yee->render('HomeFolder/home...')
#13 [internal function]: HomeController->index()
#14 C:\wamp64\www\Yee-Ivo\vendor\yeephp\yeephp\Yee\Managers\Controller\Controller.php(22): call_user_func_array(Array, Array)
#15 [internal function]: Yee\Managers\Controller\Controller::__callStatic('index', Array)
#16 C:\wamp64\www\Yee-Ivo\vendor\yeephp\yeephp\Yee\Route.php(462): call_user_func_array('HomeController:...', Array)
#17 C:\wamp64\www\Yee-Ivo\vendor\yeephp\yeephp\Yee\Yee.php(1333): Yee\Route->dispatch()
#18 C:\wamp64\www\Yee-Ivo\vendor\yeephp\yeephp\Yee\Middleware\Flash.php(85): Yee\Yee->call()
#19 C:\wamp64\www\Yee-Ivo\vendor\yeephp\yeephp\Yee\Middleware\MethodOverride.php(92): Yee\Middleware\Flash->call()
#20 C:\wamp64\www\Yee-Ivo\vendor\yeephp\yeephp\Yee\Middleware\PrettyExceptions.php(67): Yee\Middleware\MethodOverride->call()
#21 C:\wamp64\www\Yee-Ivo\vendor\yeephp\yeephp\Yee\Yee.php(1278): Yee\Middleware\PrettyExceptions->call()
#22 C:\wamp64\www\Yee-Ivo\public\index.php(31): Yee\Yee->execute()
#23 {main}
