ERROR - 2017-03-27 11:18:19 - ErrorException: Undefined variable: newCommentsModel in C:\wamp64\www\Yee-Ivo\App\Controllers\CommentsController.php:19
Stack trace:
#0 C:\wamp64\www\Yee-Ivo\App\Controllers\CommentsController.php(19): Yee\Yee::handleErrors(8, 'Undefined varia...', 'C:\\wamp64\\www\\Y...', 19, Array)
#1 [internal function]: CommentsController->index()
#2 C:\wamp64\www\Yee-Ivo\vendor\yeephp\yeephp\Yee\Managers\Controller\Controller.php(22): call_user_func_array(Array, Array)
#3 [internal function]: Yee\Managers\Controller\Controller::__callStatic('index', Array)
#4 C:\wamp64\www\Yee-Ivo\vendor\yeephp\yeephp\Yee\Route.php(462): call_user_func_array('CommentsControl...', Array)
#5 C:\wamp64\www\Yee-Ivo\vendor\yeephp\yeephp\Yee\Yee.php(1333): Yee\Route->dispatch()
#6 C:\wamp64\www\Yee-Ivo\vendor\yeephp\yeephp\Yee\Middleware\Flash.php(85): Yee\Yee->call()
#7 C:\wamp64\www\Yee-Ivo\vendor\yeephp\yeephp\Yee\Middleware\MethodOverride.php(92): Yee\Middleware\Flash->call()
#8 C:\wamp64\www\Yee-Ivo\vendor\yeephp\yeephp\Yee\Middleware\SessionCookie.php(110): Yee\Middleware\MethodOverride->call()
#9 C:\wamp64\www\Yee-Ivo\vendor\yeephp\yeephp\Yee\Middleware\PrettyExceptions.php(67): Yee\Middleware\SessionCookie->call()
#10 C:\wamp64\www\Yee-Ivo\vendor\yeephp\yeephp\Yee\Yee.php(1278): Yee\Middleware\PrettyExceptions->call()
#11 C:\wamp64\www\Yee-Ivo\public\index.php(48): Yee\Yee->execute()
#12 {main}
ERROR - 2017-03-27 11:18:21 - ErrorException: Undefined variable: newCommentsModel in C:\wamp64\www\Yee-Ivo\App\Controllers\CommentsController.php:19
Stack trace:
#0 C:\wamp64\www\Yee-Ivo\App\Controllers\CommentsController.php(19): Yee\Yee::handleErrors(8, 'Undefined varia...', 'C:\\wamp64\\www\\Y...', 19, Array)
#1 [internal function]: CommentsController->index()
#2 C:\wamp64\www\Yee-Ivo\vendor\yeephp\yeephp\Yee\Managers\Controller\Controller.php(22): call_user_func_array(Array, Array)
#3 [internal function]: Yee\Managers\Controller\Controller::__callStatic('index', Array)
#4 C:\wamp64\www\Yee-Ivo\vendor\yeephp\yeephp\Yee\Route.php(462): call_user_func_array('CommentsControl...', Array)
#5 C:\wamp64\www\Yee-Ivo\vendor\yeephp\yeephp\Yee\Yee.php(1333): Yee\Route->dispatch()
#6 C:\wamp64\www\Yee-Ivo\vendor\yeephp\yeephp\Yee\Middleware\Flash.php(85): Yee\Yee->call()
#7 C:\wamp64\www\Yee-Ivo\vendor\yeephp\yeephp\Yee\Middleware\MethodOverride.php(92): Yee\Middleware\Flash->call()
#8 C:\wamp64\www\Yee-Ivo\vendor\yeephp\yeephp\Yee\Middleware\SessionCookie.php(110): Yee\Middleware\MethodOverride->call()
#9 C:\wamp64\www\Yee-Ivo\vendor\yeephp\yeephp\Yee\Middleware\PrettyExceptions.php(67): Yee\Middleware\SessionCookie->call()
#10 C:\wamp64\www\Yee-Ivo\vendor\yeephp\yeephp\Yee\Yee.php(1278): Yee\Middleware\PrettyExceptions->call()
#11 C:\wamp64\www\Yee-Ivo\public\index.php(48): Yee\Yee->execute()
#12 {main}
