ERROR - 2017-03-14 08:01:37 - ErrorException: Undefined variable: destinationName in C:\wamp64\www\tourist-agency-space\App\Models\DestinationsModel.php:15
Stack trace:
#0 C:\wamp64\www\tourist-agency-space\App\Models\DestinationsModel.php(15): Yee\Yee::handleErrors(8, 'Undefined varia...', 'C:\\wamp64\\www\\t...', 15, Array)
#1 C:\wamp64\www\tourist-agency-space\App\Controllers\DestinationsController.php(18): App\Models\DestinationsModel->__construct()
#2 [internal function]: DestinationsController->index()
#3 C:\wamp64\www\tourist-agency-space\vendor\yeephp\yeephp\Yee\Managers\Controller\Controller.php(22): call_user_func_array(Array, Array)
#4 [internal function]: Yee\Managers\Controller\Controller::__callStatic('index', Array)
#5 C:\wamp64\www\tourist-agency-space\vendor\yeephp\yeephp\Yee\Route.php(462): call_user_func_array('DestinationsCon...', Array)
#6 C:\wamp64\www\tourist-agency-space\vendor\yeephp\yeephp\Yee\Yee.php(1333): Yee\Route->dispatch()
#7 C:\wamp64\www\tourist-agency-space\vendor\yeephp\yeephp\Yee\Middleware\Flash.php(85): Yee\Yee->call()
#8 C:\wamp64\www\tourist-agency-space\vendor\yeephp\yeephp\Yee\Middleware\MethodOverride.php(92): Yee\Middleware\Flash->call()
#9 C:\wamp64\www\tourist-agency-space\vendor\yeephp\yeephp\Yee\Middleware\SessionCookie.php(110): Yee\Middleware\MethodOverride->call()
#10 C:\wamp64\www\tourist-agency-space\vendor\yeephp\yeephp\Yee\Middleware\PrettyExceptions.php(67): Yee\Middleware\SessionCookie->call()
#11 C:\wamp64\www\tourist-agency-space\vendor\yeephp\yeephp\Yee\Yee.php(1278): Yee\Middleware\PrettyExceptions->call()
#12 C:\wamp64\www\tourist-agency-space\public\index.php(48): Yee\Yee->execute()
#13 {main}
ERROR - 2017-03-14 08:54:35 - Twig_Error_Syntax: Unknown "paginate" tag. in C:\wamp64\www\tourist-agency-space\templates\destinations\destinations.twig:22
Stack trace:
#0 C:\wamp64\www\tourist-agency-space\vendor\twig\twig\lib\Twig\Parser.php(103): Twig_Parser->subparse(NULL, false)
#1 C:\wamp64\www\tourist-agency-space\vendor\twig\twig\lib\Twig\Environment.php(692): Twig_Parser->parse(Object(Twig_TokenStream))
#2 C:\wamp64\www\tourist-agency-space\vendor\twig\twig\lib\Twig\Environment.php(750): Twig_Environment->parse(Object(Twig_TokenStream))
#3 C:\wamp64\www\tourist-agency-space\vendor\twig\twig\lib\Twig\Environment.php(447): Twig_Environment->compileSource(Object(Twig_Source))
#4 C:\wamp64\www\tourist-agency-space\vendor\yeephp\yeephp\Yee\Views\Twig.php(87): Twig_Environment->loadTemplate('destinations/de...')
#5 C:\wamp64\www\tourist-agency-space\vendor\yeephp\yeephp\Yee\View.php(255): Yee\Views\Twig->render('destinations/de...', NULL)
#6 C:\wamp64\www\tourist-agency-space\vendor\yeephp\yeephp\Yee\View.php(243): Yee\View->fetch('destinations/de...', NULL)
#7 C:\wamp64\www\tourist-agency-space\vendor\yeephp\yeephp\Yee\Yee.php(764): Yee\View->display('destinations/de...')
#8 C:\wamp64\www\tourist-agency-space\App\Controllers\DestinationsController.php(24): Yee\Yee->render('destinations/de...', Array)
#9 [internal function]: DestinationsController->index()
#10 C:\wamp64\www\tourist-agency-space\vendor\yeephp\yeephp\Yee\Managers\Controller\Controller.php(22): call_user_func_array(Array, Array)
#11 [internal function]: Yee\Managers\Controller\Controller::__callStatic('index', Array)
#12 C:\wamp64\www\tourist-agency-space\vendor\yeephp\yeephp\Yee\Route.php(462): call_user_func_array('DestinationsCon...', Array)
#13 C:\wamp64\www\tourist-agency-space\vendor\yeephp\yeephp\Yee\Yee.php(1333): Yee\Route->dispatch()
#14 C:\wamp64\www\tourist-agency-space\vendor\yeephp\yeephp\Yee\Middleware\Flash.php(85): Yee\Yee->call()
#15 C:\wamp64\www\tourist-agency-space\vendor\yeephp\yeephp\Yee\Middleware\MethodOverride.php(92): Yee\Middleware\Flash->call()
#16 C:\wamp64\www\tourist-agency-space\vendor\yeephp\yeephp\Yee\Middleware\SessionCookie.php(110): Yee\Middleware\MethodOverride->call()
#17 C:\wamp64\www\tourist-agency-space\vendor\yeephp\yeephp\Yee\Middleware\PrettyExceptions.php(67): Yee\Middleware\SessionCookie->call()
#18 C:\wamp64\www\tourist-agency-space\vendor\yeephp\yeephp\Yee\Yee.php(1278): Yee\Middleware\PrettyExceptions->call()
#19 C:\wamp64\www\tourist-agency-space\public\index.php(48): Yee\Yee->execute()
#20 {main}
ERROR - 2017-03-14 08:55:01 - Twig_Error_Syntax: Unknown "paginate" tag. in C:\wamp64\www\tourist-agency-space\templates\destinations\destinations.twig:22
Stack trace:
#0 C:\wamp64\www\tourist-agency-space\vendor\twig\twig\lib\Twig\Parser.php(103): Twig_Parser->subparse(NULL, false)
#1 C:\wamp64\www\tourist-agency-space\vendor\twig\twig\lib\Twig\Environment.php(692): Twig_Parser->parse(Object(Twig_TokenStream))
#2 C:\wamp64\www\tourist-agency-space\vendor\twig\twig\lib\Twig\Environment.php(750): Twig_Environment->parse(Object(Twig_TokenStream))
#3 C:\wamp64\www\tourist-agency-space\vendor\twig\twig\lib\Twig\Environment.php(447): Twig_Environment->compileSource(Object(Twig_Source))
#4 C:\wamp64\www\tourist-agency-space\vendor\yeephp\yeephp\Yee\Views\Twig.php(87): Twig_Environment->loadTemplate('destinations/de...')
#5 C:\wamp64\www\tourist-agency-space\vendor\yeephp\yeephp\Yee\View.php(255): Yee\Views\Twig->render('destinations/de...', NULL)
#6 C:\wamp64\www\tourist-agency-space\vendor\yeephp\yeephp\Yee\View.php(243): Yee\View->fetch('destinations/de...', NULL)
#7 C:\wamp64\www\tourist-agency-space\vendor\yeephp\yeephp\Yee\Yee.php(764): Yee\View->display('destinations/de...')
#8 C:\wamp64\www\tourist-agency-space\App\Controllers\DestinationsController.php(24): Yee\Yee->render('destinations/de...', Array)
#9 [internal function]: DestinationsController->index()
#10 C:\wamp64\www\tourist-agency-space\vendor\yeephp\yeephp\Yee\Managers\Controller\Controller.php(22): call_user_func_array(Array, Array)
#11 [internal function]: Yee\Managers\Controller\Controller::__callStatic('index', Array)
#12 C:\wamp64\www\tourist-agency-space\vendor\yeephp\yeephp\Yee\Route.php(462): call_user_func_array('DestinationsCon...', Array)
#13 C:\wamp64\www\tourist-agency-space\vendor\yeephp\yeephp\Yee\Yee.php(1333): Yee\Route->dispatch()
#14 C:\wamp64\www\tourist-agency-space\vendor\yeephp\yeephp\Yee\Middleware\Flash.php(85): Yee\Yee->call()
#15 C:\wamp64\www\tourist-agency-space\vendor\yeephp\yeephp\Yee\Middleware\MethodOverride.php(92): Yee\Middleware\Flash->call()
#16 C:\wamp64\www\tourist-agency-space\vendor\yeephp\yeephp\Yee\Middleware\SessionCookie.php(110): Yee\Middleware\MethodOverride->call()
#17 C:\wamp64\www\tourist-agency-space\vendor\yeephp\yeephp\Yee\Middleware\PrettyExceptions.php(67): Yee\Middleware\SessionCookie->call()
#18 C:\wamp64\www\tourist-agency-space\vendor\yeephp\yeephp\Yee\Yee.php(1278): Yee\Middleware\PrettyExceptions->call()
#19 C:\wamp64\www\tourist-agency-space\public\index.php(48): Yee\Yee->execute()
#20 {main}
ERROR - 2017-03-14 08:55:19 - Twig_Error_Syntax: Unknown "paginate" tag. in C:\wamp64\www\tourist-agency-space\templates\destinations\destinations.twig:20
Stack trace:
#0 C:\wamp64\www\tourist-agency-space\vendor\twig\twig\lib\Twig\Parser.php(103): Twig_Parser->subparse(NULL, false)
#1 C:\wamp64\www\tourist-agency-space\vendor\twig\twig\lib\Twig\Environment.php(692): Twig_Parser->parse(Object(Twig_TokenStream))
#2 C:\wamp64\www\tourist-agency-space\vendor\twig\twig\lib\Twig\Environment.php(750): Twig_Environment->parse(Object(Twig_TokenStream))
#3 C:\wamp64\www\tourist-agency-space\vendor\twig\twig\lib\Twig\Environment.php(447): Twig_Environment->compileSource(Object(Twig_Source))
#4 C:\wamp64\www\tourist-agency-space\vendor\yeephp\yeephp\Yee\Views\Twig.php(87): Twig_Environment->loadTemplate('destinations/de...')
#5 C:\wamp64\www\tourist-agency-space\vendor\yeephp\yeephp\Yee\View.php(255): Yee\Views\Twig->render('destinations/de...', NULL)
#6 C:\wamp64\www\tourist-agency-space\vendor\yeephp\yeephp\Yee\View.php(243): Yee\View->fetch('destinations/de...', NULL)
#7 C:\wamp64\www\tourist-agency-space\vendor\yeephp\yeephp\Yee\Yee.php(764): Yee\View->display('destinations/de...')
#8 C:\wamp64\www\tourist-agency-space\App\Controllers\DestinationsController.php(24): Yee\Yee->render('destinations/de...', Array)
#9 [internal function]: DestinationsController->index()
#10 C:\wamp64\www\tourist-agency-space\vendor\yeephp\yeephp\Yee\Managers\Controller\Controller.php(22): call_user_func_array(Array, Array)
#11 [internal function]: Yee\Managers\Controller\Controller::__callStatic('index', Array)
#12 C:\wamp64\www\tourist-agency-space\vendor\yeephp\yeephp\Yee\Route.php(462): call_user_func_array('DestinationsCon...', Array)
#13 C:\wamp64\www\tourist-agency-space\vendor\yeephp\yeephp\Yee\Yee.php(1333): Yee\Route->dispatch()
#14 C:\wamp64\www\tourist-agency-space\vendor\yeephp\yeephp\Yee\Middleware\Flash.php(85): Yee\Yee->call()
#15 C:\wamp64\www\tourist-agency-space\vendor\yeephp\yeephp\Yee\Middleware\MethodOverride.php(92): Yee\Middleware\Flash->call()
#16 C:\wamp64\www\tourist-agency-space\vendor\yeephp\yeephp\Yee\Middleware\SessionCookie.php(110): Yee\Middleware\MethodOverride->call()
#17 C:\wamp64\www\tourist-agency-space\vendor\yeephp\yeephp\Yee\Middleware\PrettyExceptions.php(67): Yee\Middleware\SessionCookie->call()
#18 C:\wamp64\www\tourist-agency-space\vendor\yeephp\yeephp\Yee\Yee.php(1278): Yee\Middleware\PrettyExceptions->call()
#19 C:\wamp64\www\tourist-agency-space\public\index.php(48): Yee\Yee->execute()
#20 {main}
ERROR - 2017-03-14 08:55:20 - Twig_Error_Syntax: Unknown "paginate" tag. in C:\wamp64\www\tourist-agency-space\templates\destinations\destinations.twig:20
Stack trace:
#0 C:\wamp64\www\tourist-agency-space\vendor\twig\twig\lib\Twig\Parser.php(103): Twig_Parser->subparse(NULL, false)
#1 C:\wamp64\www\tourist-agency-space\vendor\twig\twig\lib\Twig\Environment.php(692): Twig_Parser->parse(Object(Twig_TokenStream))
#2 C:\wamp64\www\tourist-agency-space\vendor\twig\twig\lib\Twig\Environment.php(750): Twig_Environment->parse(Object(Twig_TokenStream))
#3 C:\wamp64\www\tourist-agency-space\vendor\twig\twig\lib\Twig\Environment.php(447): Twig_Environment->compileSource(Object(Twig_Source))
#4 C:\wamp64\www\tourist-agency-space\vendor\yeephp\yeephp\Yee\Views\Twig.php(87): Twig_Environment->loadTemplate('destinations/de...')
#5 C:\wamp64\www\tourist-agency-space\vendor\yeephp\yeephp\Yee\View.php(255): Yee\Views\Twig->render('destinations/de...', NULL)
#6 C:\wamp64\www\tourist-agency-space\vendor\yeephp\yeephp\Yee\View.php(243): Yee\View->fetch('destinations/de...', NULL)
#7 C:\wamp64\www\tourist-agency-space\vendor\yeephp\yeephp\Yee\Yee.php(764): Yee\View->display('destinations/de...')
#8 C:\wamp64\www\tourist-agency-space\App\Controllers\DestinationsController.php(24): Yee\Yee->render('destinations/de...', Array)
#9 [internal function]: DestinationsController->index()
#10 C:\wamp64\www\tourist-agency-space\vendor\yeephp\yeephp\Yee\Managers\Controller\Controller.php(22): call_user_func_array(Array, Array)
#11 [internal function]: Yee\Managers\Controller\Controller::__callStatic('index', Array)
#12 C:\wamp64\www\tourist-agency-space\vendor\yeephp\yeephp\Yee\Route.php(462): call_user_func_array('DestinationsCon...', Array)
#13 C:\wamp64\www\tourist-agency-space\vendor\yeephp\yeephp\Yee\Yee.php(1333): Yee\Route->dispatch()
#14 C:\wamp64\www\tourist-agency-space\vendor\yeephp\yeephp\Yee\Middleware\Flash.php(85): Yee\Yee->call()
#15 C:\wamp64\www\tourist-agency-space\vendor\yeephp\yeephp\Yee\Middleware\MethodOverride.php(92): Yee\Middleware\Flash->call()
#16 C:\wamp64\www\tourist-agency-space\vendor\yeephp\yeephp\Yee\Middleware\SessionCookie.php(110): Yee\Middleware\MethodOverride->call()
#17 C:\wamp64\www\tourist-agency-space\vendor\yeephp\yeephp\Yee\Middleware\PrettyExceptions.php(67): Yee\Middleware\SessionCookie->call()
#18 C:\wamp64\www\tourist-agency-space\vendor\yeephp\yeephp\Yee\Yee.php(1278): Yee\Middleware\PrettyExceptions->call()
#19 C:\wamp64\www\tourist-agency-space\public\index.php(48): Yee\Yee->execute()
#20 {main}
ERROR - 2017-03-14 08:55:21 - Twig_Error_Syntax: Unknown "paginate" tag. in C:\wamp64\www\tourist-agency-space\templates\destinations\destinations.twig:20
Stack trace:
#0 C:\wamp64\www\tourist-agency-space\vendor\twig\twig\lib\Twig\Parser.php(103): Twig_Parser->subparse(NULL, false)
#1 C:\wamp64\www\tourist-agency-space\vendor\twig\twig\lib\Twig\Environment.php(692): Twig_Parser->parse(Object(Twig_TokenStream))
#2 C:\wamp64\www\tourist-agency-space\vendor\twig\twig\lib\Twig\Environment.php(750): Twig_Environment->parse(Object(Twig_TokenStream))
#3 C:\wamp64\www\tourist-agency-space\vendor\twig\twig\lib\Twig\Environment.php(447): Twig_Environment->compileSource(Object(Twig_Source))
#4 C:\wamp64\www\tourist-agency-space\vendor\yeephp\yeephp\Yee\Views\Twig.php(87): Twig_Environment->loadTemplate('destinations/de...')
#5 C:\wamp64\www\tourist-agency-space\vendor\yeephp\yeephp\Yee\View.php(255): Yee\Views\Twig->render('destinations/de...', NULL)
#6 C:\wamp64\www\tourist-agency-space\vendor\yeephp\yeephp\Yee\View.php(243): Yee\View->fetch('destinations/de...', NULL)
#7 C:\wamp64\www\tourist-agency-space\vendor\yeephp\yeephp\Yee\Yee.php(764): Yee\View->display('destinations/de...')
#8 C:\wamp64\www\tourist-agency-space\App\Controllers\DestinationsController.php(24): Yee\Yee->render('destinations/de...', Array)
#9 [internal function]: DestinationsController->index()
#10 C:\wamp64\www\tourist-agency-space\vendor\yeephp\yeephp\Yee\Managers\Controller\Controller.php(22): call_user_func_array(Array, Array)
#11 [internal function]: Yee\Managers\Controller\Controller::__callStatic('index', Array)
#12 C:\wamp64\www\tourist-agency-space\vendor\yeephp\yeephp\Yee\Route.php(462): call_user_func_array('DestinationsCon...', Array)
#13 C:\wamp64\www\tourist-agency-space\vendor\yeephp\yeephp\Yee\Yee.php(1333): Yee\Route->dispatch()
#14 C:\wamp64\www\tourist-agency-space\vendor\yeephp\yeephp\Yee\Middleware\Flash.php(85): Yee\Yee->call()
#15 C:\wamp64\www\tourist-agency-space\vendor\yeephp\yeephp\Yee\Middleware\MethodOverride.php(92): Yee\Middleware\Flash->call()
#16 C:\wamp64\www\tourist-agency-space\vendor\yeephp\yeephp\Yee\Middleware\SessionCookie.php(110): Yee\Middleware\MethodOverride->call()
#17 C:\wamp64\www\tourist-agency-space\vendor\yeephp\yeephp\Yee\Middleware\PrettyExceptions.php(67): Yee\Middleware\SessionCookie->call()
#18 C:\wamp64\www\tourist-agency-space\vendor\yeephp\yeephp\Yee\Yee.php(1278): Yee\Middleware\PrettyExceptions->call()
#19 C:\wamp64\www\tourist-agency-space\public\index.php(48): Yee\Yee->execute()
#20 {main}
ERROR - 2017-03-14 08:55:21 - Twig_Error_Syntax: Unknown "paginate" tag. in C:\wamp64\www\tourist-agency-space\templates\destinations\destinations.twig:20
Stack trace:
#0 C:\wamp64\www\tourist-agency-space\vendor\twig\twig\lib\Twig\Parser.php(103): Twig_Parser->subparse(NULL, false)
#1 C:\wamp64\www\tourist-agency-space\vendor\twig\twig\lib\Twig\Environment.php(692): Twig_Parser->parse(Object(Twig_TokenStream))
#2 C:\wamp64\www\tourist-agency-space\vendor\twig\twig\lib\Twig\Environment.php(750): Twig_Environment->parse(Object(Twig_TokenStream))
#3 C:\wamp64\www\tourist-agency-space\vendor\twig\twig\lib\Twig\Environment.php(447): Twig_Environment->compileSource(Object(Twig_Source))
#4 C:\wamp64\www\tourist-agency-space\vendor\yeephp\yeephp\Yee\Views\Twig.php(87): Twig_Environment->loadTemplate('destinations/de...')
#5 C:\wamp64\www\tourist-agency-space\vendor\yeephp\yeephp\Yee\View.php(255): Yee\Views\Twig->render('destinations/de...', NULL)
#6 C:\wamp64\www\tourist-agency-space\vendor\yeephp\yeephp\Yee\View.php(243): Yee\View->fetch('destinations/de...', NULL)
#7 C:\wamp64\www\tourist-agency-space\vendor\yeephp\yeephp\Yee\Yee.php(764): Yee\View->display('destinations/de...')
#8 C:\wamp64\www\tourist-agency-space\App\Controllers\DestinationsController.php(24): Yee\Yee->render('destinations/de...', Array)
#9 [internal function]: DestinationsController->index()
#10 C:\wamp64\www\tourist-agency-space\vendor\yeephp\yeephp\Yee\Managers\Controller\Controller.php(22): call_user_func_array(Array, Array)
#11 [internal function]: Yee\Managers\Controller\Controller::__callStatic('index', Array)
#12 C:\wamp64\www\tourist-agency-space\vendor\yeephp\yeephp\Yee\Route.php(462): call_user_func_array('DestinationsCon...', Array)
#13 C:\wamp64\www\tourist-agency-space\vendor\yeephp\yeephp\Yee\Yee.php(1333): Yee\Route->dispatch()
#14 C:\wamp64\www\tourist-agency-space\vendor\yeephp\yeephp\Yee\Middleware\Flash.php(85): Yee\Yee->call()
#15 C:\wamp64\www\tourist-agency-space\vendor\yeephp\yeephp\Yee\Middleware\MethodOverride.php(92): Yee\Middleware\Flash->call()
#16 C:\wamp64\www\tourist-agency-space\vendor\yeephp\yeephp\Yee\Middleware\SessionCookie.php(110): Yee\Middleware\MethodOverride->call()
#17 C:\wamp64\www\tourist-agency-space\vendor\yeephp\yeephp\Yee\Middleware\PrettyExceptions.php(67): Yee\Middleware\SessionCookie->call()
#18 C:\wamp64\www\tourist-agency-space\vendor\yeephp\yeephp\Yee\Yee.php(1278): Yee\Middleware\PrettyExceptions->call()
#19 C:\wamp64\www\tourist-agency-space\public\index.php(48): Yee\Yee->execute()
#20 {main}
ERROR - 2017-03-14 08:55:21 - Twig_Error_Syntax: Unknown "paginate" tag. in C:\wamp64\www\tourist-agency-space\templates\destinations\destinations.twig:20
Stack trace:
#0 C:\wamp64\www\tourist-agency-space\vendor\twig\twig\lib\Twig\Parser.php(103): Twig_Parser->subparse(NULL, false)
#1 C:\wamp64\www\tourist-agency-space\vendor\twig\twig\lib\Twig\Environment.php(692): Twig_Parser->parse(Object(Twig_TokenStream))
#2 C:\wamp64\www\tourist-agency-space\vendor\twig\twig\lib\Twig\Environment.php(750): Twig_Environment->parse(Object(Twig_TokenStream))
#3 C:\wamp64\www\tourist-agency-space\vendor\twig\twig\lib\Twig\Environment.php(447): Twig_Environment->compileSource(Object(Twig_Source))
#4 C:\wamp64\www\tourist-agency-space\vendor\yeephp\yeephp\Yee\Views\Twig.php(87): Twig_Environment->loadTemplate('destinations/de...')
#5 C:\wamp64\www\tourist-agency-space\vendor\yeephp\yeephp\Yee\View.php(255): Yee\Views\Twig->render('destinations/de...', NULL)
#6 C:\wamp64\www\tourist-agency-space\vendor\yeephp\yeephp\Yee\View.php(243): Yee\View->fetch('destinations/de...', NULL)
#7 C:\wamp64\www\tourist-agency-space\vendor\yeephp\yeephp\Yee\Yee.php(764): Yee\View->display('destinations/de...')
#8 C:\wamp64\www\tourist-agency-space\App\Controllers\DestinationsController.php(24): Yee\Yee->render('destinations/de...', Array)
#9 [internal function]: DestinationsController->index()
#10 C:\wamp64\www\tourist-agency-space\vendor\yeephp\yeephp\Yee\Managers\Controller\Controller.php(22): call_user_func_array(Array, Array)
#11 [internal function]: Yee\Managers\Controller\Controller::__callStatic('index', Array)
#12 C:\wamp64\www\tourist-agency-space\vendor\yeephp\yeephp\Yee\Route.php(462): call_user_func_array('DestinationsCon...', Array)
#13 C:\wamp64\www\tourist-agency-space\vendor\yeephp\yeephp\Yee\Yee.php(1333): Yee\Route->dispatch()
#14 C:\wamp64\www\tourist-agency-space\vendor\yeephp\yeephp\Yee\Middleware\Flash.php(85): Yee\Yee->call()
#15 C:\wamp64\www\tourist-agency-space\vendor\yeephp\yeephp\Yee\Middleware\MethodOverride.php(92): Yee\Middleware\Flash->call()
#16 C:\wamp64\www\tourist-agency-space\vendor\yeephp\yeephp\Yee\Middleware\SessionCookie.php(110): Yee\Middleware\MethodOverride->call()
#17 C:\wamp64\www\tourist-agency-space\vendor\yeephp\yeephp\Yee\Middleware\PrettyExceptions.php(67): Yee\Middleware\SessionCookie->call()
#18 C:\wamp64\www\tourist-agency-space\vendor\yeephp\yeephp\Yee\Yee.php(1278): Yee\Middleware\PrettyExceptions->call()
#19 C:\wamp64\www\tourist-agency-space\public\index.php(48): Yee\Yee->execute()
#20 {main}
ERROR - 2017-03-14 08:55:33 - Twig_Error_Syntax: Unknown "paginate" tag. in C:\wamp64\www\tourist-agency-space\templates\destinations\destinations.twig:20
Stack trace:
#0 C:\wamp64\www\tourist-agency-space\vendor\twig\twig\lib\Twig\Parser.php(103): Twig_Parser->subparse(NULL, false)
#1 C:\wamp64\www\tourist-agency-space\vendor\twig\twig\lib\Twig\Environment.php(692): Twig_Parser->parse(Object(Twig_TokenStream))
#2 C:\wamp64\www\tourist-agency-space\vendor\twig\twig\lib\Twig\Environment.php(750): Twig_Environment->parse(Object(Twig_TokenStream))
#3 C:\wamp64\www\tourist-agency-space\vendor\twig\twig\lib\Twig\Environment.php(447): Twig_Environment->compileSource(Object(Twig_Source))
#4 C:\wamp64\www\tourist-agency-space\vendor\yeephp\yeephp\Yee\Views\Twig.php(87): Twig_Environment->loadTemplate('destinations/de...')
#5 C:\wamp64\www\tourist-agency-space\vendor\yeephp\yeephp\Yee\View.php(255): Yee\Views\Twig->render('destinations/de...', NULL)
#6 C:\wamp64\www\tourist-agency-space\vendor\yeephp\yeephp\Yee\View.php(243): Yee\View->fetch('destinations/de...', NULL)
#7 C:\wamp64\www\tourist-agency-space\vendor\yeephp\yeephp\Yee\Yee.php(764): Yee\View->display('destinations/de...')
#8 C:\wamp64\www\tourist-agency-space\App\Controllers\DestinationsController.php(24): Yee\Yee->render('destinations/de...', Array)
#9 [internal function]: DestinationsController->index()
#10 C:\wamp64\www\tourist-agency-space\vendor\yeephp\yeephp\Yee\Managers\Controller\Controller.php(22): call_user_func_array(Array, Array)
#11 [internal function]: Yee\Managers\Controller\Controller::__callStatic('index', Array)
#12 C:\wamp64\www\tourist-agency-space\vendor\yeephp\yeephp\Yee\Route.php(462): call_user_func_array('DestinationsCon...', Array)
#13 C:\wamp64\www\tourist-agency-space\vendor\yeephp\yeephp\Yee\Yee.php(1333): Yee\Route->dispatch()
#14 C:\wamp64\www\tourist-agency-space\vendor\yeephp\yeephp\Yee\Middleware\Flash.php(85): Yee\Yee->call()
#15 C:\wamp64\www\tourist-agency-space\vendor\yeephp\yeephp\Yee\Middleware\MethodOverride.php(92): Yee\Middleware\Flash->call()
#16 C:\wamp64\www\tourist-agency-space\vendor\yeephp\yeephp\Yee\Middleware\SessionCookie.php(110): Yee\Middleware\MethodOverride->call()
#17 C:\wamp64\www\tourist-agency-space\vendor\yeephp\yeephp\Yee\Middleware\PrettyExceptions.php(67): Yee\Middleware\SessionCookie->call()
#18 C:\wamp64\www\tourist-agency-space\vendor\yeephp\yeephp\Yee\Yee.php(1278): Yee\Middleware\PrettyExceptions->call()
#19 C:\wamp64\www\tourist-agency-space\public\index.php(48): Yee\Yee->execute()
#20 {main}
