ERROR - 2017-03-07 09:12:10 - exception 'ErrorException' with message 'Undefined variable: model' in C:\wamp64\www\tourist-agency\tourist-agency\App\Controllers\LoginController.php:40
Stack trace:
#0 C:\wamp64\www\tourist-agency\tourist-agency\App\Controllers\LoginController.php(40): Yee\Yee::handleErrors(8, 'Undefined varia...', 'C:\\wamp64\\www\\t...', 40, Array)
#1 [internal function]: LoginController->postAction()
#2 C:\wamp64\www\tourist-agency\tourist-agency\vendor\yeephp\yeephp\Yee\Managers\Controller\Controller.php(22): call_user_func_array(Array, Array)
#3 [internal function]: Yee\Managers\Controller\Controller::__callStatic('___postAction', Array)
#4 [internal function]: LoginController::___postAction()
#5 C:\wamp64\www\tourist-agency\tourist-agency\vendor\yeephp\yeephp\Yee\Route.php(462): call_user_func_array('LoginController...', Array)
#6 C:\wamp64\www\tourist-agency\tourist-agency\vendor\yeephp\yeephp\Yee\Yee.php(1333): Yee\Route->dispatch()
#7 C:\wamp64\www\tourist-agency\tourist-agency\vendor\yeephp\yeephp\Yee\Middleware\Flash.php(85): Yee\Yee->call()
#8 C:\wamp64\www\tourist-agency\tourist-agency\vendor\yeephp\yeephp\Yee\Middleware\MethodOverride.php(92): Yee\Middleware\Flash->call()
#9 C:\wamp64\www\tourist-agency\tourist-agency\vendor\yeephp\yeephp\Yee\Middleware\PrettyExceptions.php(67): Yee\Middleware\MethodOverride->call()
#10 C:\wamp64\www\tourist-agency\tourist-agency\vendor\yeephp\yeephp\Yee\Yee.php(1278): Yee\Middleware\PrettyExceptions->call()
#11 C:\wamp64\www\tourist-agency\tourist-agency\public\index.php(31): Yee\Yee->execute()
#12 {main}
ERROR - 2017-03-07 10:57:35 - exception 'Twig_Error_Syntax' with message 'Unexpected character "$".' in C:\wamp64\www\tourist-agency\tourist-agency\templates\common\header.twig:87
Stack trace:
#0 C:\wamp64\www\tourist-agency\tourist-agency\vendor\twig\twig\lib\Twig\Lexer.php(216): Twig_Lexer->lexExpression()
#1 C:\wamp64\www\tourist-agency\tourist-agency\vendor\twig\twig\lib\Twig\Lexer.php(122): Twig_Lexer->lexBlock()
#2 C:\wamp64\www\tourist-agency\tourist-agency\vendor\twig\twig\lib\Twig\Environment.php(653): Twig_Lexer->tokenize(Object(Twig_Source))
#3 C:\wamp64\www\tourist-agency\tourist-agency\vendor\twig\twig\lib\Twig\Environment.php(750): Twig_Environment->tokenize(Object(Twig_Source))
#4 C:\wamp64\www\tourist-agency\tourist-agency\vendor\twig\twig\lib\Twig\Environment.php(447): Twig_Environment->compileSource(Object(Twig_Source))
#5 C:\wamp64\www\tourist-agency\tourist-agency\vendor\twig\twig\lib\Twig\Template.php(366): Twig_Environment->loadTemplate('common/header.t...', NULL)
#6 C:\wamp64\www\tourist-agency\tourist-agency\vendor\twig\twig\lib\Twig\Environment.php(462) : eval()'d code(20): Twig_Template->loadTemplate('common/header.t...', 'login/login.twi...', 1)
#7 C:\wamp64\www\tourist-agency\tourist-agency\vendor\twig\twig\lib\Twig\Template.php(432): __TwigTemplate_9e7b716bbc6a3a1e0cdaca262c6a573932396b071bed1ec60939bd558b523c52->doDisplay(Array, Array)
#8 C:\wamp64\www\tourist-agency\tourist-agency\vendor\twig\twig\lib\Twig\Template.php(403): Twig_Template->displayWithErrorHandling(Array, Array)
#9 C:\wamp64\www\tourist-agency\tourist-agency\vendor\twig\twig\lib\Twig\Template.php(411): Twig_Template->display(Array)
#10 C:\wamp64\www\tourist-agency\tourist-agency\vendor\yeephp\yeephp\Yee\Views\Twig.php(91): Twig_Template->render(Array)
#11 C:\wamp64\www\tourist-agency\tourist-agency\vendor\yeephp\yeephp\Yee\View.php(255): Yee\Views\Twig->render('login/login.twi...', NULL)
#12 C:\wamp64\www\tourist-agency\tourist-agency\vendor\yeephp\yeephp\Yee\View.php(243): Yee\View->fetch('login/login.twi...', NULL)
#13 C:\wamp64\www\tourist-agency\tourist-agency\vendor\yeephp\yeephp\Yee\Yee.php(764): Yee\View->display('login/login.twi...')
#14 C:\wamp64\www\tourist-agency\tourist-agency\App\Controllers\LoginController.php(23): Yee\Yee->render('login/login.twi...', Array)
#15 [internal function]: LoginController->index()
#16 C:\wamp64\www\tourist-agency\tourist-agency\vendor\yeephp\yeephp\Yee\Managers\Controller\Controller.php(22): call_user_func_array(Array, Array)
#17 [internal function]: Yee\Managers\Controller\Controller::__callStatic('___index', Array)
#18 [internal function]: LoginController::___index()
#19 C:\wamp64\www\tourist-agency\tourist-agency\vendor\yeephp\yeephp\Yee\Route.php(462): call_user_func_array('LoginController...', Array)
#20 C:\wamp64\www\tourist-agency\tourist-agency\vendor\yeephp\yeephp\Yee\Yee.php(1333): Yee\Route->dispatch()
#21 C:\wamp64\www\tourist-agency\tourist-agency\vendor\yeephp\yeephp\Yee\Middleware\Flash.php(85): Yee\Yee->call()
#22 C:\wamp64\www\tourist-agency\tourist-agency\vendor\yeephp\yeephp\Yee\Middleware\MethodOverride.php(92): Yee\Middleware\Flash->call()
#23 C:\wamp64\www\tourist-agency\tourist-agency\vendor\yeephp\yeephp\Yee\Middleware\PrettyExceptions.php(67): Yee\Middleware\MethodOverride->call()
#24 C:\wamp64\www\tourist-agency\tourist-agency\vendor\yeephp\yeephp\Yee\Yee.php(1278): Yee\Middleware\PrettyExceptions->call()
#25 C:\wamp64\www\tourist-agency\tourist-agency\public\index.php(35): Yee\Yee->execute()
#26 {main}
ERROR - 2017-03-07 11:00:45 - exception 'Twig_Error_Syntax' with message 'Unexpected "esleif" tag (expecting closing tag for the "if" tag defined near line 88).' in C:\wamp64\www\tourist-agency\tourist-agency\templates\common\header.twig:91
Stack trace:
#0 C:\wamp64\www\tourist-agency\tourist-agency\vendor\twig\twig\lib\Twig\TokenParser\If.php(36): Twig_Parser->subparse(Array)
#1 C:\wamp64\www\tourist-agency\tourist-agency\vendor\twig\twig\lib\Twig\Parser.php(190): Twig_TokenParser_If->parse(Object(Twig_Token))
#2 C:\wamp64\www\tourist-agency\tourist-agency\vendor\twig\twig\lib\Twig\Parser.php(103): Twig_Parser->subparse(NULL, false)
#3 C:\wamp64\www\tourist-agency\tourist-agency\vendor\twig\twig\lib\Twig\Environment.php(692): Twig_Parser->parse(Object(Twig_TokenStream))
#4 C:\wamp64\www\tourist-agency\tourist-agency\vendor\twig\twig\lib\Twig\Environment.php(750): Twig_Environment->parse(Object(Twig_TokenStream))
#5 C:\wamp64\www\tourist-agency\tourist-agency\vendor\twig\twig\lib\Twig\Environment.php(447): Twig_Environment->compileSource(Object(Twig_Source))
#6 C:\wamp64\www\tourist-agency\tourist-agency\vendor\twig\twig\lib\Twig\Template.php(366): Twig_Environment->loadTemplate('common/header.t...', NULL)
#7 C:\wamp64\www\tourist-agency\tourist-agency\vendor\twig\twig\lib\Twig\Environment.php(462) : eval()'d code(20): Twig_Template->loadTemplate('common/header.t...', 'login/login.twi...', 1)
#8 C:\wamp64\www\tourist-agency\tourist-agency\vendor\twig\twig\lib\Twig\Template.php(432): __TwigTemplate_9e7b716bbc6a3a1e0cdaca262c6a573932396b071bed1ec60939bd558b523c52->doDisplay(Array, Array)
#9 C:\wamp64\www\tourist-agency\tourist-agency\vendor\twig\twig\lib\Twig\Template.php(403): Twig_Template->displayWithErrorHandling(Array, Array)
#10 C:\wamp64\www\tourist-agency\tourist-agency\vendor\twig\twig\lib\Twig\Template.php(411): Twig_Template->display(Array)
#11 C:\wamp64\www\tourist-agency\tourist-agency\vendor\yeephp\yeephp\Yee\Views\Twig.php(91): Twig_Template->render(Array)
#12 C:\wamp64\www\tourist-agency\tourist-agency\vendor\yeephp\yeephp\Yee\View.php(255): Yee\Views\Twig->render('login/login.twi...', NULL)
#13 C:\wamp64\www\tourist-agency\tourist-agency\vendor\yeephp\yeephp\Yee\View.php(243): Yee\View->fetch('login/login.twi...', NULL)
#14 C:\wamp64\www\tourist-agency\tourist-agency\vendor\yeephp\yeephp\Yee\Yee.php(764): Yee\View->display('login/login.twi...')
#15 C:\wamp64\www\tourist-agency\tourist-agency\App\Controllers\LoginController.php(23): Yee\Yee->render('login/login.twi...', Array)
#16 [internal function]: LoginController->index()
#17 C:\wamp64\www\tourist-agency\tourist-agency\vendor\yeephp\yeephp\Yee\Managers\Controller\Controller.php(22): call_user_func_array(Array, Array)
#18 [internal function]: Yee\Managers\Controller\Controller::__callStatic('___index', Array)
#19 [internal function]: LoginController::___index()
#20 C:\wamp64\www\tourist-agency\tourist-agency\vendor\yeephp\yeephp\Yee\Route.php(462): call_user_func_array('LoginController...', Array)
#21 C:\wamp64\www\tourist-agency\tourist-agency\vendor\yeephp\yeephp\Yee\Yee.php(1333): Yee\Route->dispatch()
#22 C:\wamp64\www\tourist-agency\tourist-agency\vendor\yeephp\yeephp\Yee\Middleware\Flash.php(85): Yee\Yee->call()
#23 C:\wamp64\www\tourist-agency\tourist-agency\vendor\yeephp\yeephp\Yee\Middleware\MethodOverride.php(92): Yee\Middleware\Flash->call()
#24 C:\wamp64\www\tourist-agency\tourist-agency\vendor\yeephp\yeephp\Yee\Middleware\PrettyExceptions.php(67): Yee\Middleware\MethodOverride->call()
#25 C:\wamp64\www\tourist-agency\tourist-agency\vendor\yeephp\yeephp\Yee\Yee.php(1278): Yee\Middleware\PrettyExceptions->call()
#26 C:\wamp64\www\tourist-agency\tourist-agency\public\index.php(35): Yee\Yee->execute()
#27 {main}
ERROR - 2017-03-07 11:50:01 - exception 'ErrorException' with message 'Undefined index: isLoggedin' in C:\wamp64\www\tourist-agency\tourist-agency\App\Controllers\LoginController.php:19
Stack trace:
#0 C:\wamp64\www\tourist-agency\tourist-agency\App\Controllers\LoginController.php(19): Yee\Yee::handleErrors(8, 'Undefined index...', 'C:\\wamp64\\www\\t...', 19, Array)
#1 [internal function]: LoginController->index()
#2 C:\wamp64\www\tourist-agency\tourist-agency\vendor\yeephp\yeephp\Yee\Managers\Controller\Controller.php(22): call_user_func_array(Array, Array)
#3 [internal function]: Yee\Managers\Controller\Controller::__callStatic('___index', Array)
#4 [internal function]: LoginController::___index()
#5 C:\wamp64\www\tourist-agency\tourist-agency\vendor\yeephp\yeephp\Yee\Route.php(462): call_user_func_array('LoginController...', Array)
#6 C:\wamp64\www\tourist-agency\tourist-agency\vendor\yeephp\yeephp\Yee\Yee.php(1333): Yee\Route->dispatch()
#7 C:\wamp64\www\tourist-agency\tourist-agency\vendor\yeephp\yeephp\Yee\Middleware\Flash.php(85): Yee\Yee->call()
#8 C:\wamp64\www\tourist-agency\tourist-agency\vendor\yeephp\yeephp\Yee\Middleware\MethodOverride.php(92): Yee\Middleware\Flash->call()
#9 C:\wamp64\www\tourist-agency\tourist-agency\vendor\yeephp\yeephp\Yee\Middleware\PrettyExceptions.php(67): Yee\Middleware\MethodOverride->call()
#10 C:\wamp64\www\tourist-agency\tourist-agency\vendor\yeephp\yeephp\Yee\Yee.php(1278): Yee\Middleware\PrettyExceptions->call()
#11 C:\wamp64\www\tourist-agency\tourist-agency\public\index.php(35): Yee\Yee->execute()
#12 {main}
ERROR - 2017-03-07 13:30:57 - exception 'ErrorException' with message 'Undefined index: isLoggedin' in C:\wamp64\www\tourist-agency\tourist-agency\App\Controllers\SignupController.php:19
Stack trace:
#0 C:\wamp64\www\tourist-agency\tourist-agency\App\Controllers\SignupController.php(19): Yee\Yee::handleErrors(8, 'Undefined index...', 'C:\\wamp64\\www\\t...', 19, Array)
#1 [internal function]: SignupController->index()
#2 C:\wamp64\www\tourist-agency\tourist-agency\vendor\yeephp\yeephp\Yee\Managers\Controller\Controller.php(22): call_user_func_array(Array, Array)
#3 [internal function]: Yee\Managers\Controller\Controller::__callStatic('___index', Array)
#4 [internal function]: SignupController::___index()
#5 C:\wamp64\www\tourist-agency\tourist-agency\vendor\yeephp\yeephp\Yee\Route.php(462): call_user_func_array('SignupControlle...', Array)
#6 C:\wamp64\www\tourist-agency\tourist-agency\vendor\yeephp\yeephp\Yee\Yee.php(1333): Yee\Route->dispatch()
#7 C:\wamp64\www\tourist-agency\tourist-agency\vendor\yeephp\yeephp\Yee\Middleware\Flash.php(85): Yee\Yee->call()
#8 C:\wamp64\www\tourist-agency\tourist-agency\vendor\yeephp\yeephp\Yee\Middleware\MethodOverride.php(92): Yee\Middleware\Flash->call()
#9 C:\wamp64\www\tourist-agency\tourist-agency\vendor\yeephp\yeephp\Yee\Middleware\SessionCookie.php(110): Yee\Middleware\MethodOverride->call()
#10 C:\wamp64\www\tourist-agency\tourist-agency\vendor\yeephp\yeephp\Yee\Middleware\PrettyExceptions.php(67): Yee\Middleware\SessionCookie->call()
#11 C:\wamp64\www\tourist-agency\tourist-agency\vendor\yeephp\yeephp\Yee\Yee.php(1278): Yee\Middleware\PrettyExceptions->call()
#12 C:\wamp64\www\tourist-agency\tourist-agency\public\index.php(48): Yee\Yee->execute()
#13 {main}
ERROR - 2017-03-07 13:31:39 - exception 'ErrorException' with message 'Undefined variable: model' in C:\wamp64\www\tourist-agency\tourist-agency\App\Controllers\SignupController.php:48
Stack trace:
#0 C:\wamp64\www\tourist-agency\tourist-agency\App\Controllers\SignupController.php(48): Yee\Yee::handleErrors(8, 'Undefined varia...', 'C:\\wamp64\\www\\t...', 48, Array)
#1 [internal function]: SignupController->post()
#2 C:\wamp64\www\tourist-agency\tourist-agency\vendor\yeephp\yeephp\Yee\Managers\Controller\Controller.php(22): call_user_func_array(Array, Array)
#3 [internal function]: Yee\Managers\Controller\Controller::__callStatic('___post', Array)
#4 [internal function]: SignupController::___post()
#5 C:\wamp64\www\tourist-agency\tourist-agency\vendor\yeephp\yeephp\Yee\Route.php(462): call_user_func_array('SignupControlle...', Array)
#6 C:\wamp64\www\tourist-agency\tourist-agency\vendor\yeephp\yeephp\Yee\Yee.php(1333): Yee\Route->dispatch()
#7 C:\wamp64\www\tourist-agency\tourist-agency\vendor\yeephp\yeephp\Yee\Middleware\Flash.php(85): Yee\Yee->call()
#8 C:\wamp64\www\tourist-agency\tourist-agency\vendor\yeephp\yeephp\Yee\Middleware\MethodOverride.php(92): Yee\Middleware\Flash->call()
#9 C:\wamp64\www\tourist-agency\tourist-agency\vendor\yeephp\yeephp\Yee\Middleware\SessionCookie.php(110): Yee\Middleware\MethodOverride->call()
#10 C:\wamp64\www\tourist-agency\tourist-agency\vendor\yeephp\yeephp\Yee\Middleware\PrettyExceptions.php(67): Yee\Middleware\SessionCookie->call()
#11 C:\wamp64\www\tourist-agency\tourist-agency\vendor\yeephp\yeephp\Yee\Yee.php(1278): Yee\Middleware\PrettyExceptions->call()
#12 C:\wamp64\www\tourist-agency\tourist-agency\public\index.php(48): Yee\Yee->execute()
#13 {main}
ERROR - 2017-03-07 13:32:21 - exception 'ErrorException' with message 'Undefined variable: data' in C:\wamp64\www\tourist-agency\tourist-agency\App\Controllers\SignupController.php:51
Stack trace:
#0 C:\wamp64\www\tourist-agency\tourist-agency\App\Controllers\SignupController.php(51): Yee\Yee::handleErrors(8, 'Undefined varia...', 'C:\\wamp64\\www\\t...', 51, Array)
#1 [internal function]: SignupController->post()
#2 C:\wamp64\www\tourist-agency\tourist-agency\vendor\yeephp\yeephp\Yee\Managers\Controller\Controller.php(22): call_user_func_array(Array, Array)
#3 [internal function]: Yee\Managers\Controller\Controller::__callStatic('___post', Array)
#4 [internal function]: SignupController::___post()
#5 C:\wamp64\www\tourist-agency\tourist-agency\vendor\yeephp\yeephp\Yee\Route.php(462): call_user_func_array('SignupControlle...', Array)
#6 C:\wamp64\www\tourist-agency\tourist-agency\vendor\yeephp\yeephp\Yee\Yee.php(1333): Yee\Route->dispatch()
#7 C:\wamp64\www\tourist-agency\tourist-agency\vendor\yeephp\yeephp\Yee\Middleware\Flash.php(85): Yee\Yee->call()
#8 C:\wamp64\www\tourist-agency\tourist-agency\vendor\yeephp\yeephp\Yee\Middleware\MethodOverride.php(92): Yee\Middleware\Flash->call()
#9 C:\wamp64\www\tourist-agency\tourist-agency\vendor\yeephp\yeephp\Yee\Middleware\SessionCookie.php(110): Yee\Middleware\MethodOverride->call()
#10 C:\wamp64\www\tourist-agency\tourist-agency\vendor\yeephp\yeephp\Yee\Middleware\PrettyExceptions.php(67): Yee\Middleware\SessionCookie->call()
#11 C:\wamp64\www\tourist-agency\tourist-agency\vendor\yeephp\yeephp\Yee\Yee.php(1278): Yee\Middleware\PrettyExceptions->call()
#12 C:\wamp64\www\tourist-agency\tourist-agency\public\index.php(48): Yee\Yee->execute()
#13 {main}
ERROR - 2017-03-07 13:32:48 - exception 'Twig_Error_Loader' with message 'Unable to find template "/login" (looked into: C:\wamp64\www\tourist-agency\tourist-agency/templates).' in C:\wamp64\www\tourist-agency\tourist-agency\vendor\twig\twig\lib\Twig\Loader\Filesystem.php:232
Stack trace:
#0 C:\wamp64\www\tourist-agency\tourist-agency\vendor\twig\twig\lib\Twig\Loader\Filesystem.php(150): Twig_Loader_Filesystem->findTemplate('/login')
#1 C:\wamp64\www\tourist-agency\tourist-agency\vendor\twig\twig\lib\Twig\Environment.php(329): Twig_Loader_Filesystem->getCacheKey('/login')
#2 C:\wamp64\www\tourist-agency\tourist-agency\vendor\twig\twig\lib\Twig\Environment.php(419): Twig_Environment->getTemplateClass('/login')
#3 C:\wamp64\www\tourist-agency\tourist-agency\vendor\yeephp\yeephp\Yee\Views\Twig.php(87): Twig_Environment->loadTemplate('/login')
#4 C:\wamp64\www\tourist-agency\tourist-agency\vendor\yeephp\yeephp\Yee\View.php(255): Yee\Views\Twig->render('/login', NULL)
#5 C:\wamp64\www\tourist-agency\tourist-agency\vendor\yeephp\yeephp\Yee\View.php(243): Yee\View->fetch('/login', NULL)
#6 C:\wamp64\www\tourist-agency\tourist-agency\vendor\yeephp\yeephp\Yee\Yee.php(764): Yee\View->display('/login')
#7 C:\wamp64\www\tourist-agency\tourist-agency\App\Controllers\SignupController.php(51): Yee\Yee->render('/login', Array)
#8 [internal function]: SignupController->post()
#9 C:\wamp64\www\tourist-agency\tourist-agency\vendor\yeephp\yeephp\Yee\Managers\Controller\Controller.php(22): call_user_func_array(Array, Array)
#10 [internal function]: Yee\Managers\Controller\Controller::__callStatic('___post', Array)
#11 [internal function]: SignupController::___post()
#12 C:\wamp64\www\tourist-agency\tourist-agency\vendor\yeephp\yeephp\Yee\Route.php(462): call_user_func_array('SignupControlle...', Array)
#13 C:\wamp64\www\tourist-agency\tourist-agency\vendor\yeephp\yeephp\Yee\Yee.php(1333): Yee\Route->dispatch()
#14 C:\wamp64\www\tourist-agency\tourist-agency\vendor\yeephp\yeephp\Yee\Middleware\Flash.php(85): Yee\Yee->call()
#15 C:\wamp64\www\tourist-agency\tourist-agency\vendor\yeephp\yeephp\Yee\Middleware\MethodOverride.php(92): Yee\Middleware\Flash->call()
#16 C:\wamp64\www\tourist-agency\tourist-agency\vendor\yeephp\yeephp\Yee\Middleware\SessionCookie.php(110): Yee\Middleware\MethodOverride->call()
#17 C:\wamp64\www\tourist-agency\tourist-agency\vendor\yeephp\yeephp\Yee\Middleware\PrettyExceptions.php(67): Yee\Middleware\SessionCookie->call()
#18 C:\wamp64\www\tourist-agency\tourist-agency\vendor\yeephp\yeephp\Yee\Yee.php(1278): Yee\Middleware\PrettyExceptions->call()
#19 C:\wamp64\www\tourist-agency\tourist-agency\public\index.php(48): Yee\Yee->execute()
#20 {main}
ERROR - 2017-03-07 14:16:02 - exception 'ErrorException' with message 'Undefined index: isLoggedin' in C:\wamp64\www\tourist-agency\tourist-agency\App\Controllers\SignupController.php:19
Stack trace:
#0 C:\wamp64\www\tourist-agency\tourist-agency\App\Controllers\SignupController.php(19): Yee\Yee::handleErrors(8, 'Undefined index...', 'C:\\wamp64\\www\\t...', 19, Array)
#1 [internal function]: SignupController->index()
#2 C:\wamp64\www\tourist-agency\tourist-agency\vendor\yeephp\yeephp\Yee\Managers\Controller\Controller.php(22): call_user_func_array(Array, Array)
#3 [internal function]: Yee\Managers\Controller\Controller::__callStatic('___index', Array)
#4 [internal function]: SignupController::___index()
#5 C:\wamp64\www\tourist-agency\tourist-agency\vendor\yeephp\yeephp\Yee\Route.php(462): call_user_func_array('SignupControlle...', Array)
#6 C:\wamp64\www\tourist-agency\tourist-agency\vendor\yeephp\yeephp\Yee\Yee.php(1333): Yee\Route->dispatch()
#7 C:\wamp64\www\tourist-agency\tourist-agency\vendor\yeephp\yeephp\Yee\Middleware\Flash.php(85): Yee\Yee->call()
#8 C:\wamp64\www\tourist-agency\tourist-agency\vendor\yeephp\yeephp\Yee\Middleware\MethodOverride.php(92): Yee\Middleware\Flash->call()
#9 C:\wamp64\www\tourist-agency\tourist-agency\vendor\yeephp\yeephp\Yee\Middleware\SessionCookie.php(110): Yee\Middleware\MethodOverride->call()
#10 C:\wamp64\www\tourist-agency\tourist-agency\vendor\yeephp\yeephp\Yee\Middleware\PrettyExceptions.php(67): Yee\Middleware\SessionCookie->call()
#11 C:\wamp64\www\tourist-agency\tourist-agency\vendor\yeephp\yeephp\Yee\Yee.php(1278): Yee\Middleware\PrettyExceptions->call()
#12 C:\wamp64\www\tourist-agency\tourist-agency\public\index.php(48): Yee\Yee->execute()
#13 {main}
ERROR - 2017-03-07 14:16:16 - exception 'ErrorException' with message 'Undefined index: isLoggedin' in C:\wamp64\www\tourist-agency\tourist-agency\App\Controllers\SignupController.php:19
Stack trace:
#0 C:\wamp64\www\tourist-agency\tourist-agency\App\Controllers\SignupController.php(19): Yee\Yee::handleErrors(8, 'Undefined index...', 'C:\\wamp64\\www\\t...', 19, Array)
#1 [internal function]: SignupController->index()
#2 C:\wamp64\www\tourist-agency\tourist-agency\vendor\yeephp\yeephp\Yee\Managers\Controller\Controller.php(22): call_user_func_array(Array, Array)
#3 [internal function]: Yee\Managers\Controller\Controller::__callStatic('___index', Array)
#4 [internal function]: SignupController::___index()
#5 C:\wamp64\www\tourist-agency\tourist-agency\vendor\yeephp\yeephp\Yee\Route.php(462): call_user_func_array('SignupControlle...', Array)
#6 C:\wamp64\www\tourist-agency\tourist-agency\vendor\yeephp\yeephp\Yee\Yee.php(1333): Yee\Route->dispatch()
#7 C:\wamp64\www\tourist-agency\tourist-agency\vendor\yeephp\yeephp\Yee\Middleware\Flash.php(85): Yee\Yee->call()
#8 C:\wamp64\www\tourist-agency\tourist-agency\vendor\yeephp\yeephp\Yee\Middleware\MethodOverride.php(92): Yee\Middleware\Flash->call()
#9 C:\wamp64\www\tourist-agency\tourist-agency\vendor\yeephp\yeephp\Yee\Middleware\SessionCookie.php(110): Yee\Middleware\MethodOverride->call()
#10 C:\wamp64\www\tourist-agency\tourist-agency\vendor\yeephp\yeephp\Yee\Middleware\PrettyExceptions.php(67): Yee\Middleware\SessionCookie->call()
#11 C:\wamp64\www\tourist-agency\tourist-agency\vendor\yeephp\yeephp\Yee\Yee.php(1278): Yee\Middleware\PrettyExceptions->call()
#12 C:\wamp64\www\tourist-agency\tourist-agency\public\index.php(48): Yee\Yee->execute()
#13 {main}
