ERROR - 2017-03-29 07:28:48 - Twig_Error_Syntax: Unknown "getObjectFields" function. in C:\wamp64\www\Yee-Ivo\templates\dashboard\dashboard.twig:48
Stack trace:
#0 C:\wamp64\www\Yee-Ivo\vendor\twig\twig\lib\Twig\ExpressionParser.php(374): Twig_ExpressionParser->getFunctionNodeClass('getObjectFields', 48)
#1 C:\wamp64\www\Yee-Ivo\vendor\twig\twig\lib\Twig\ExpressionParser.php(162): Twig_ExpressionParser->getFunctionNode('getObjectFields', 48)
#2 C:\wamp64\www\Yee-Ivo\vendor\twig\twig\lib\Twig\ExpressionParser.php(102): Twig_ExpressionParser->parsePrimaryExpression()
#3 C:\wamp64\www\Yee-Ivo\vendor\twig\twig\lib\Twig\ExpressionParser.php(55): Twig_ExpressionParser->getPrimary()
#4 C:\wamp64\www\Yee-Ivo\vendor\twig\twig\lib\Twig\ExpressionParser.php(584): Twig_ExpressionParser->parseExpression()
#5 C:\wamp64\www\Yee-Ivo\vendor\twig\twig\lib\Twig\TokenParser\Set.php(41): Twig_ExpressionParser->parseMultitargetExpression()
#6 C:\wamp64\www\Yee-Ivo\vendor\twig\twig\lib\Twig\Parser.php(190): Twig_TokenParser_Set->parse(Object(Twig_Token))
#7 C:\wamp64\www\Yee-Ivo\vendor\twig\twig\lib\Twig\Parser.php(103): Twig_Parser->subparse(NULL, false)
#8 C:\wamp64\www\Yee-Ivo\vendor\twig\twig\lib\Twig\Environment.php(692): Twig_Parser->parse(Object(Twig_TokenStream))
#9 C:\wamp64\www\Yee-Ivo\vendor\twig\twig\lib\Twig\Environment.php(750): Twig_Environment->parse(Object(Twig_TokenStream))
#10 C:\wamp64\www\Yee-Ivo\vendor\twig\twig\lib\Twig\Environment.php(447): Twig_Environment->compileSource(Object(Twig_Source))
#11 C:\wamp64\www\Yee-Ivo\vendor\yeephp\yeephp\Yee\Views\Twig.php(87): Twig_Environment->loadTemplate('dashboard/dashb...')
#12 C:\wamp64\www\Yee-Ivo\vendor\yeephp\yeephp\Yee\View.php(255): Yee\Views\Twig->render('dashboard/dashb...', NULL)
#13 C:\wamp64\www\Yee-Ivo\vendor\yeephp\yeephp\Yee\View.php(243): Yee\View->fetch('dashboard/dashb...', NULL)
#14 C:\wamp64\www\Yee-Ivo\vendor\yeephp\yeephp\Yee\Yee.php(764): Yee\View->display('dashboard/dashb...')
#15 C:\wamp64\www\Yee-Ivo\App\Controllers\CommentsController.php(23): Yee\Yee->render('dashboard/dashb...', Array)
#16 [internal function]: CommentsController->index()
#17 C:\wamp64\www\Yee-Ivo\vendor\yeephp\yeephp\Yee\Managers\Controller\Controller.php(22): call_user_func_array(Array, Array)
#18 [internal function]: Yee\Managers\Controller\Controller::__callStatic('index', Array)
#19 C:\wamp64\www\Yee-Ivo\vendor\yeephp\yeephp\Yee\Route.php(462): call_user_func_array('CommentsControl...', Array)
#20 C:\wamp64\www\Yee-Ivo\vendor\yeephp\yeephp\Yee\Yee.php(1333): Yee\Route->dispatch()
#21 C:\wamp64\www\Yee-Ivo\vendor\yeephp\yeephp\Yee\Middleware\Flash.php(85): Yee\Yee->call()
#22 C:\wamp64\www\Yee-Ivo\vendor\yeephp\yeephp\Yee\Middleware\MethodOverride.php(92): Yee\Middleware\Flash->call()
#23 C:\wamp64\www\Yee-Ivo\vendor\yeephp\yeephp\Yee\Middleware\SessionCookie.php(110): Yee\Middleware\MethodOverride->call()
#24 C:\wamp64\www\Yee-Ivo\vendor\yeephp\yeephp\Yee\Middleware\PrettyExceptions.php(67): Yee\Middleware\SessionCookie->call()
#25 C:\wamp64\www\Yee-Ivo\vendor\yeephp\yeephp\Yee\Yee.php(1278): Yee\Middleware\PrettyExceptions->call()
#26 C:\wamp64\www\Yee-Ivo\public\index.php(48): Yee\Yee->execute()
#27 {main}
ERROR - 2017-03-29 07:44:30 - Twig_Error_Syntax: The block 'Content' has already been defined line 31. in C:\wamp64\www\Yee-Ivo\templates\dashboard\dashboard.twig:47
Stack trace:
#0 C:\wamp64\www\Yee-Ivo\vendor\twig\twig\lib\Twig\Parser.php(190): Twig_TokenParser_Block->parse(Object(Twig_Token))
#1 C:\wamp64\www\Yee-Ivo\vendor\twig\twig\lib\Twig\Parser.php(103): Twig_Parser->subparse(NULL, false)
#2 C:\wamp64\www\Yee-Ivo\vendor\twig\twig\lib\Twig\Environment.php(692): Twig_Parser->parse(Object(Twig_TokenStream))
#3 C:\wamp64\www\Yee-Ivo\vendor\twig\twig\lib\Twig\Environment.php(750): Twig_Environment->parse(Object(Twig_TokenStream))
#4 C:\wamp64\www\Yee-Ivo\vendor\twig\twig\lib\Twig\Environment.php(447): Twig_Environment->compileSource(Object(Twig_Source))
#5 C:\wamp64\www\Yee-Ivo\vendor\yeephp\yeephp\Yee\Views\Twig.php(87): Twig_Environment->loadTemplate('dashboard/dashb...')
#6 C:\wamp64\www\Yee-Ivo\vendor\yeephp\yeephp\Yee\View.php(255): Yee\Views\Twig->render('dashboard/dashb...', NULL)
#7 C:\wamp64\www\Yee-Ivo\vendor\yeephp\yeephp\Yee\View.php(243): Yee\View->fetch('dashboard/dashb...', NULL)
#8 C:\wamp64\www\Yee-Ivo\vendor\yeephp\yeephp\Yee\Yee.php(764): Yee\View->display('dashboard/dashb...')
#9 C:\wamp64\www\Yee-Ivo\App\Controllers\CommentsController.php(23): Yee\Yee->render('dashboard/dashb...', Array)
#10 [internal function]: CommentsController->index()
#11 C:\wamp64\www\Yee-Ivo\vendor\yeephp\yeephp\Yee\Managers\Controller\Controller.php(22): call_user_func_array(Array, Array)
#12 [internal function]: Yee\Managers\Controller\Controller::__callStatic('index', Array)
#13 C:\wamp64\www\Yee-Ivo\vendor\yeephp\yeephp\Yee\Route.php(462): call_user_func_array('CommentsControl...', Array)
#14 C:\wamp64\www\Yee-Ivo\vendor\yeephp\yeephp\Yee\Yee.php(1333): Yee\Route->dispatch()
#15 C:\wamp64\www\Yee-Ivo\vendor\yeephp\yeephp\Yee\Middleware\Flash.php(85): Yee\Yee->call()
#16 C:\wamp64\www\Yee-Ivo\vendor\yeephp\yeephp\Yee\Middleware\MethodOverride.php(92): Yee\Middleware\Flash->call()
#17 C:\wamp64\www\Yee-Ivo\vendor\yeephp\yeephp\Yee\Middleware\SessionCookie.php(110): Yee\Middleware\MethodOverride->call()
#18 C:\wamp64\www\Yee-Ivo\vendor\yeephp\yeephp\Yee\Middleware\PrettyExceptions.php(67): Yee\Middleware\SessionCookie->call()
#19 C:\wamp64\www\Yee-Ivo\vendor\yeephp\yeephp\Yee\Yee.php(1278): Yee\Middleware\PrettyExceptions->call()
#20 C:\wamp64\www\Yee-Ivo\public\index.php(48): Yee\Yee->execute()
#21 {main}
ERROR - 2017-03-29 07:44:53 - Twig_Error_Syntax: Unexpected token "end of template" of value "" ("end of statement block" expected). in C:\wamp64\www\Yee-Ivo\templates\dashboard\dashboard.twig:46
Stack trace:
#0 C:\wamp64\www\Yee-Ivo\vendor\twig\twig\lib\Twig\TokenParser\Block.php(53): Twig_TokenStream->expect(3)
#1 C:\wamp64\www\Yee-Ivo\vendor\twig\twig\lib\Twig\Parser.php(190): Twig_TokenParser_Block->parse(NULL)
#2 C:\wamp64\www\Yee-Ivo\vendor\twig\twig\lib\Twig\Parser.php(103): Twig_Parser->subparse(NULL, false)
#3 C:\wamp64\www\Yee-Ivo\vendor\twig\twig\lib\Twig\Environment.php(692): Twig_Parser->parse(Object(Twig_TokenStream))
#4 C:\wamp64\www\Yee-Ivo\vendor\twig\twig\lib\Twig\Environment.php(750): Twig_Environment->parse(Object(Twig_TokenStream))
#5 C:\wamp64\www\Yee-Ivo\vendor\twig\twig\lib\Twig\Environment.php(447): Twig_Environment->compileSource(Object(Twig_Source))
#6 C:\wamp64\www\Yee-Ivo\vendor\yeephp\yeephp\Yee\Views\Twig.php(87): Twig_Environment->loadTemplate('dashboard/dashb...')
#7 C:\wamp64\www\Yee-Ivo\vendor\yeephp\yeephp\Yee\View.php(255): Yee\Views\Twig->render('dashboard/dashb...', NULL)
#8 C:\wamp64\www\Yee-Ivo\vendor\yeephp\yeephp\Yee\View.php(243): Yee\View->fetch('dashboard/dashb...', NULL)
#9 C:\wamp64\www\Yee-Ivo\vendor\yeephp\yeephp\Yee\Yee.php(764): Yee\View->display('dashboard/dashb...')
#10 C:\wamp64\www\Yee-Ivo\App\Controllers\CommentsController.php(23): Yee\Yee->render('dashboard/dashb...', Array)
#11 [internal function]: CommentsController->index()
#12 C:\wamp64\www\Yee-Ivo\vendor\yeephp\yeephp\Yee\Managers\Controller\Controller.php(22): call_user_func_array(Array, Array)
#13 [internal function]: Yee\Managers\Controller\Controller::__callStatic('index', Array)
#14 C:\wamp64\www\Yee-Ivo\vendor\yeephp\yeephp\Yee\Route.php(462): call_user_func_array('CommentsControl...', Array)
#15 C:\wamp64\www\Yee-Ivo\vendor\yeephp\yeephp\Yee\Yee.php(1333): Yee\Route->dispatch()
#16 C:\wamp64\www\Yee-Ivo\vendor\yeephp\yeephp\Yee\Middleware\Flash.php(85): Yee\Yee->call()
#17 C:\wamp64\www\Yee-Ivo\vendor\yeephp\yeephp\Yee\Middleware\MethodOverride.php(92): Yee\Middleware\Flash->call()
#18 C:\wamp64\www\Yee-Ivo\vendor\yeephp\yeephp\Yee\Middleware\SessionCookie.php(110): Yee\Middleware\MethodOverride->call()
#19 C:\wamp64\www\Yee-Ivo\vendor\yeephp\yeephp\Yee\Middleware\PrettyExceptions.php(67): Yee\Middleware\SessionCookie->call()
#20 C:\wamp64\www\Yee-Ivo\vendor\yeephp\yeephp\Yee\Yee.php(1278): Yee\Middleware\PrettyExceptions->call()
#21 C:\wamp64\www\Yee-Ivo\public\index.php(48): Yee\Yee->execute()
#22 {main}
ERROR - 2017-03-29 07:45:12 - Twig_Error_Syntax: Unexpected token "end of template" of value "" ("end of statement block" expected). in C:\wamp64\www\Yee-Ivo\templates\dashboard\dashboard.twig:61
Stack trace:
#0 C:\wamp64\www\Yee-Ivo\vendor\twig\twig\lib\Twig\TokenParser\Block.php(53): Twig_TokenStream->expect(3)
#1 C:\wamp64\www\Yee-Ivo\vendor\twig\twig\lib\Twig\Parser.php(190): Twig_TokenParser_Block->parse(NULL)
#2 C:\wamp64\www\Yee-Ivo\vendor\twig\twig\lib\Twig\Parser.php(103): Twig_Parser->subparse(NULL, false)
#3 C:\wamp64\www\Yee-Ivo\vendor\twig\twig\lib\Twig\Environment.php(692): Twig_Parser->parse(Object(Twig_TokenStream))
#4 C:\wamp64\www\Yee-Ivo\vendor\twig\twig\lib\Twig\Environment.php(750): Twig_Environment->parse(Object(Twig_TokenStream))
#5 C:\wamp64\www\Yee-Ivo\vendor\twig\twig\lib\Twig\Environment.php(447): Twig_Environment->compileSource(Object(Twig_Source))
#6 C:\wamp64\www\Yee-Ivo\vendor\yeephp\yeephp\Yee\Views\Twig.php(87): Twig_Environment->loadTemplate('dashboard/dashb...')
#7 C:\wamp64\www\Yee-Ivo\vendor\yeephp\yeephp\Yee\View.php(255): Yee\Views\Twig->render('dashboard/dashb...', NULL)
#8 C:\wamp64\www\Yee-Ivo\vendor\yeephp\yeephp\Yee\View.php(243): Yee\View->fetch('dashboard/dashb...', NULL)
#9 C:\wamp64\www\Yee-Ivo\vendor\yeephp\yeephp\Yee\Yee.php(764): Yee\View->display('dashboard/dashb...')
#10 C:\wamp64\www\Yee-Ivo\App\Controllers\CommentsController.php(23): Yee\Yee->render('dashboard/dashb...', Array)
#11 [internal function]: CommentsController->index()
#12 C:\wamp64\www\Yee-Ivo\vendor\yeephp\yeephp\Yee\Managers\Controller\Controller.php(22): call_user_func_array(Array, Array)
#13 [internal function]: Yee\Managers\Controller\Controller::__callStatic('index', Array)
#14 C:\wamp64\www\Yee-Ivo\vendor\yeephp\yeephp\Yee\Route.php(462): call_user_func_array('CommentsControl...', Array)
#15 C:\wamp64\www\Yee-Ivo\vendor\yeephp\yeephp\Yee\Yee.php(1333): Yee\Route->dispatch()
#16 C:\wamp64\www\Yee-Ivo\vendor\yeephp\yeephp\Yee\Middleware\Flash.php(85): Yee\Yee->call()
#17 C:\wamp64\www\Yee-Ivo\vendor\yeephp\yeephp\Yee\Middleware\MethodOverride.php(92): Yee\Middleware\Flash->call()
#18 C:\wamp64\www\Yee-Ivo\vendor\yeephp\yeephp\Yee\Middleware\SessionCookie.php(110): Yee\Middleware\MethodOverride->call()
#19 C:\wamp64\www\Yee-Ivo\vendor\yeephp\yeephp\Yee\Middleware\PrettyExceptions.php(67): Yee\Middleware\SessionCookie->call()
#20 C:\wamp64\www\Yee-Ivo\vendor\yeephp\yeephp\Yee\Yee.php(1278): Yee\Middleware\PrettyExceptions->call()
#21 C:\wamp64\www\Yee-Ivo\public\index.php(48): Yee\Yee->execute()
#22 {main}
ERROR - 2017-03-29 07:45:39 - Twig_Error_Syntax: Unexpected token "end of template" of value "" ("end of statement block" expected). in C:\wamp64\www\Yee-Ivo\templates\dashboard\dashboard.twig:62
Stack trace:
#0 C:\wamp64\www\Yee-Ivo\vendor\twig\twig\lib\Twig\TokenParser\Block.php(53): Twig_TokenStream->expect(3)
#1 C:\wamp64\www\Yee-Ivo\vendor\twig\twig\lib\Twig\Parser.php(190): Twig_TokenParser_Block->parse(NULL)
#2 C:\wamp64\www\Yee-Ivo\vendor\twig\twig\lib\Twig\Parser.php(103): Twig_Parser->subparse(NULL, false)
#3 C:\wamp64\www\Yee-Ivo\vendor\twig\twig\lib\Twig\Environment.php(692): Twig_Parser->parse(Object(Twig_TokenStream))
#4 C:\wamp64\www\Yee-Ivo\vendor\twig\twig\lib\Twig\Environment.php(750): Twig_Environment->parse(Object(Twig_TokenStream))
#5 C:\wamp64\www\Yee-Ivo\vendor\twig\twig\lib\Twig\Environment.php(447): Twig_Environment->compileSource(Object(Twig_Source))
#6 C:\wamp64\www\Yee-Ivo\vendor\yeephp\yeephp\Yee\Views\Twig.php(87): Twig_Environment->loadTemplate('dashboard/dashb...')
#7 C:\wamp64\www\Yee-Ivo\vendor\yeephp\yeephp\Yee\View.php(255): Yee\Views\Twig->render('dashboard/dashb...', NULL)
#8 C:\wamp64\www\Yee-Ivo\vendor\yeephp\yeephp\Yee\View.php(243): Yee\View->fetch('dashboard/dashb...', NULL)
#9 C:\wamp64\www\Yee-Ivo\vendor\yeephp\yeephp\Yee\Yee.php(764): Yee\View->display('dashboard/dashb...')
#10 C:\wamp64\www\Yee-Ivo\App\Controllers\CommentsController.php(23): Yee\Yee->render('dashboard/dashb...', Array)
#11 [internal function]: CommentsController->index()
#12 C:\wamp64\www\Yee-Ivo\vendor\yeephp\yeephp\Yee\Managers\Controller\Controller.php(22): call_user_func_array(Array, Array)
#13 [internal function]: Yee\Managers\Controller\Controller::__callStatic('index', Array)
#14 C:\wamp64\www\Yee-Ivo\vendor\yeephp\yeephp\Yee\Route.php(462): call_user_func_array('CommentsControl...', Array)
#15 C:\wamp64\www\Yee-Ivo\vendor\yeephp\yeephp\Yee\Yee.php(1333): Yee\Route->dispatch()
#16 C:\wamp64\www\Yee-Ivo\vendor\yeephp\yeephp\Yee\Middleware\Flash.php(85): Yee\Yee->call()
#17 C:\wamp64\www\Yee-Ivo\vendor\yeephp\yeephp\Yee\Middleware\MethodOverride.php(92): Yee\Middleware\Flash->call()
#18 C:\wamp64\www\Yee-Ivo\vendor\yeephp\yeephp\Yee\Middleware\SessionCookie.php(110): Yee\Middleware\MethodOverride->call()
#19 C:\wamp64\www\Yee-Ivo\vendor\yeephp\yeephp\Yee\Middleware\PrettyExceptions.php(67): Yee\Middleware\SessionCookie->call()
#20 C:\wamp64\www\Yee-Ivo\vendor\yeephp\yeephp\Yee\Yee.php(1278): Yee\Middleware\PrettyExceptions->call()
#21 C:\wamp64\www\Yee-Ivo\public\index.php(48): Yee\Yee->execute()
#22 {main}
ERROR - 2017-03-29 07:45:42 - Twig_Error_Syntax: Unexpected token "end of template" of value "" ("end of statement block" expected). in C:\wamp64\www\Yee-Ivo\templates\dashboard\dashboard.twig:62
Stack trace:
#0 C:\wamp64\www\Yee-Ivo\vendor\twig\twig\lib\Twig\TokenParser\Block.php(53): Twig_TokenStream->expect(3)
#1 C:\wamp64\www\Yee-Ivo\vendor\twig\twig\lib\Twig\Parser.php(190): Twig_TokenParser_Block->parse(NULL)
#2 C:\wamp64\www\Yee-Ivo\vendor\twig\twig\lib\Twig\Parser.php(103): Twig_Parser->subparse(NULL, false)
#3 C:\wamp64\www\Yee-Ivo\vendor\twig\twig\lib\Twig\Environment.php(692): Twig_Parser->parse(Object(Twig_TokenStream))
#4 C:\wamp64\www\Yee-Ivo\vendor\twig\twig\lib\Twig\Environment.php(750): Twig_Environment->parse(Object(Twig_TokenStream))
#5 C:\wamp64\www\Yee-Ivo\vendor\twig\twig\lib\Twig\Environment.php(447): Twig_Environment->compileSource(Object(Twig_Source))
#6 C:\wamp64\www\Yee-Ivo\vendor\yeephp\yeephp\Yee\Views\Twig.php(87): Twig_Environment->loadTemplate('dashboard/dashb...')
#7 C:\wamp64\www\Yee-Ivo\vendor\yeephp\yeephp\Yee\View.php(255): Yee\Views\Twig->render('dashboard/dashb...', NULL)
#8 C:\wamp64\www\Yee-Ivo\vendor\yeephp\yeephp\Yee\View.php(243): Yee\View->fetch('dashboard/dashb...', NULL)
#9 C:\wamp64\www\Yee-Ivo\vendor\yeephp\yeephp\Yee\Yee.php(764): Yee\View->display('dashboard/dashb...')
#10 C:\wamp64\www\Yee-Ivo\App\Controllers\CommentsController.php(23): Yee\Yee->render('dashboard/dashb...', Array)
#11 [internal function]: CommentsController->index()
#12 C:\wamp64\www\Yee-Ivo\vendor\yeephp\yeephp\Yee\Managers\Controller\Controller.php(22): call_user_func_array(Array, Array)
#13 [internal function]: Yee\Managers\Controller\Controller::__callStatic('index', Array)
#14 C:\wamp64\www\Yee-Ivo\vendor\yeephp\yeephp\Yee\Route.php(462): call_user_func_array('CommentsControl...', Array)
#15 C:\wamp64\www\Yee-Ivo\vendor\yeephp\yeephp\Yee\Yee.php(1333): Yee\Route->dispatch()
#16 C:\wamp64\www\Yee-Ivo\vendor\yeephp\yeephp\Yee\Middleware\Flash.php(85): Yee\Yee->call()
#17 C:\wamp64\www\Yee-Ivo\vendor\yeephp\yeephp\Yee\Middleware\MethodOverride.php(92): Yee\Middleware\Flash->call()
#18 C:\wamp64\www\Yee-Ivo\vendor\yeephp\yeephp\Yee\Middleware\SessionCookie.php(110): Yee\Middleware\MethodOverride->call()
#19 C:\wamp64\www\Yee-Ivo\vendor\yeephp\yeephp\Yee\Middleware\PrettyExceptions.php(67): Yee\Middleware\SessionCookie->call()
#20 C:\wamp64\www\Yee-Ivo\vendor\yeephp\yeephp\Yee\Yee.php(1278): Yee\Middleware\PrettyExceptions->call()
#21 C:\wamp64\www\Yee-Ivo\public\index.php(48): Yee\Yee->execute()
#22 {main}
