ERROR - 2017-02-27 13:43:45 - exception 'ErrorException' with message 'Undefined index: default' in C:\wamp64\www\tourist-agency.dev\App\Models\SignupModel.php:27
Stack trace:
#0 C:\wamp64\www\tourist-agency.dev\App\Models\SignupModel.php(27): Yee\Yee::handleErrors(8, 'Undefined index...', 'C:\\wamp64\\www\\t...', 27, Array)
#1 C:\wamp64\www\tourist-agency.dev\App\Controllers\SignupController.php(37): App\Models\SignupModel->insertInDb()
#2 [internal function]: SignupController->post()
#3 C:\wamp64\www\tourist-agency.dev\vendor\yeephp\yeephp\Yee\Managers\Controller\Controller.php(22): call_user_func_array(Array, Array)
#4 [internal function]: Yee\Managers\Controller\Controller::__callStatic('___post', Array)
#5 [internal function]: SignupController::___post()
#6 C:\wamp64\www\tourist-agency.dev\vendor\yeephp\yeephp\Yee\Route.php(462): call_user_func_array('SignupControlle...', Array)
#7 C:\wamp64\www\tourist-agency.dev\vendor\yeephp\yeephp\Yee\Yee.php(1333): Yee\Route->dispatch()
#8 C:\wamp64\www\tourist-agency.dev\vendor\yeephp\yeephp\Yee\Middleware\Flash.php(85): Yee\Yee->call()
#9 C:\wamp64\www\tourist-agency.dev\vendor\yeephp\yeephp\Yee\Middleware\MethodOverride.php(92): Yee\Middleware\Flash->call()
#10 C:\wamp64\www\tourist-agency.dev\vendor\yeephp\yeephp\Yee\Yee.php(1278): Yee\Middleware\MethodOverride->call()
#11 C:\wamp64\www\tourist-agency.dev\public\index.php(31): Yee\Yee->execute()
#12 {main}
ERROR - 2017-02-27 13:44:33 - exception 'ErrorException' with message 'Undefined index: default' in C:\wamp64\www\tourist-agency.dev\App\Models\SignupModel.php:27
Stack trace:
#0 C:\wamp64\www\tourist-agency.dev\App\Models\SignupModel.php(27): Yee\Yee::handleErrors(8, 'Undefined index...', 'C:\\wamp64\\www\\t...', 27, Array)
#1 C:\wamp64\www\tourist-agency.dev\App\Controllers\SignupController.php(37): App\Models\SignupModel->insertInDb()
#2 [internal function]: SignupController->post()
#3 C:\wamp64\www\tourist-agency.dev\vendor\yeephp\yeephp\Yee\Managers\Controller\Controller.php(22): call_user_func_array(Array, Array)
#4 [internal function]: Yee\Managers\Controller\Controller::__callStatic('___post', Array)
#5 [internal function]: SignupController::___post()
#6 C:\wamp64\www\tourist-agency.dev\vendor\yeephp\yeephp\Yee\Route.php(462): call_user_func_array('SignupControlle...', Array)
#7 C:\wamp64\www\tourist-agency.dev\vendor\yeephp\yeephp\Yee\Yee.php(1333): Yee\Route->dispatch()
#8 C:\wamp64\www\tourist-agency.dev\vendor\yeephp\yeephp\Yee\Middleware\Flash.php(85): Yee\Yee->call()
#9 C:\wamp64\www\tourist-agency.dev\vendor\yeephp\yeephp\Yee\Middleware\MethodOverride.php(92): Yee\Middleware\Flash->call()
#10 C:\wamp64\www\tourist-agency.dev\vendor\yeephp\yeephp\Yee\Middleware\PrettyExceptions.php(67): Yee\Middleware\MethodOverride->call()
#11 C:\wamp64\www\tourist-agency.dev\vendor\yeephp\yeephp\Yee\Yee.php(1278): Yee\Middleware\PrettyExceptions->call()
#12 C:\wamp64\www\tourist-agency.dev\public\index.php(31): Yee\Yee->execute()
#13 {main}
ERROR - 2017-02-27 13:46:30 - exception 'ErrorException' with message 'Undefined index: default' in C:\wamp64\www\tourist-agency.dev\App\Models\SignupModel.php:27
Stack trace:
#0 C:\wamp64\www\tourist-agency.dev\App\Models\SignupModel.php(27): Yee\Yee::handleErrors(8, 'Undefined index...', 'C:\\wamp64\\www\\t...', 27, Array)
#1 C:\wamp64\www\tourist-agency.dev\App\Controllers\SignupController.php(37): App\Models\SignupModel->insertInDb()
#2 [internal function]: SignupController->post()
#3 C:\wamp64\www\tourist-agency.dev\vendor\yeephp\yeephp\Yee\Managers\Controller\Controller.php(22): call_user_func_array(Array, Array)
#4 [internal function]: Yee\Managers\Controller\Controller::__callStatic('___post', Array)
#5 [internal function]: SignupController::___post()
#6 C:\wamp64\www\tourist-agency.dev\vendor\yeephp\yeephp\Yee\Route.php(462): call_user_func_array('SignupControlle...', Array)
#7 C:\wamp64\www\tourist-agency.dev\vendor\yeephp\yeephp\Yee\Yee.php(1333): Yee\Route->dispatch()
#8 C:\wamp64\www\tourist-agency.dev\vendor\yeephp\yeephp\Yee\Middleware\Flash.php(85): Yee\Yee->call()
#9 C:\wamp64\www\tourist-agency.dev\vendor\yeephp\yeephp\Yee\Middleware\MethodOverride.php(92): Yee\Middleware\Flash->call()
#10 C:\wamp64\www\tourist-agency.dev\vendor\yeephp\yeephp\Yee\Middleware\PrettyExceptions.php(67): Yee\Middleware\MethodOverride->call()
#11 C:\wamp64\www\tourist-agency.dev\vendor\yeephp\yeephp\Yee\Yee.php(1278): Yee\Middleware\PrettyExceptions->call()
#12 C:\wamp64\www\tourist-agency.dev\public\index.php(31): Yee\Yee->execute()
#13 {main}
ERROR - 2017-02-27 13:46:39 - exception 'ErrorException' with message 'Undefined index: default' in C:\wamp64\www\tourist-agency.dev\App\Models\SignupModel.php:27
Stack trace:
#0 C:\wamp64\www\tourist-agency.dev\App\Models\SignupModel.php(27): Yee\Yee::handleErrors(8, 'Undefined index...', 'C:\\wamp64\\www\\t...', 27, Array)
#1 C:\wamp64\www\tourist-agency.dev\App\Controllers\SignupController.php(37): App\Models\SignupModel->insertInDb()
#2 [internal function]: SignupController->post()
#3 C:\wamp64\www\tourist-agency.dev\vendor\yeephp\yeephp\Yee\Managers\Controller\Controller.php(22): call_user_func_array(Array, Array)
#4 [internal function]: Yee\Managers\Controller\Controller::__callStatic('___post', Array)
#5 [internal function]: SignupController::___post()
#6 C:\wamp64\www\tourist-agency.dev\vendor\yeephp\yeephp\Yee\Route.php(462): call_user_func_array('SignupControlle...', Array)
#7 C:\wamp64\www\tourist-agency.dev\vendor\yeephp\yeephp\Yee\Yee.php(1333): Yee\Route->dispatch()
#8 C:\wamp64\www\tourist-agency.dev\vendor\yeephp\yeephp\Yee\Middleware\Flash.php(85): Yee\Yee->call()
#9 C:\wamp64\www\tourist-agency.dev\vendor\yeephp\yeephp\Yee\Middleware\MethodOverride.php(92): Yee\Middleware\Flash->call()
#10 C:\wamp64\www\tourist-agency.dev\vendor\yeephp\yeephp\Yee\Middleware\PrettyExceptions.php(67): Yee\Middleware\MethodOverride->call()
#11 C:\wamp64\www\tourist-agency.dev\vendor\yeephp\yeephp\Yee\Yee.php(1278): Yee\Middleware\PrettyExceptions->call()
#12 C:\wamp64\www\tourist-agency.dev\public\index.php(31): Yee\Yee->execute()
#13 {main}
ERROR - 2017-02-27 13:47:24 - exception 'ErrorException' with message 'Undefined variable: insert' in C:\wamp64\www\tourist-agency.dev\App\Models\SignupModel.php:29
Stack trace:
#0 C:\wamp64\www\tourist-agency.dev\App\Models\SignupModel.php(29): Yee\Yee::handleErrors(8, 'Undefined varia...', 'C:\\wamp64\\www\\t...', 29, Array)
#1 C:\wamp64\www\tourist-agency.dev\App\Controllers\SignupController.php(37): App\Models\SignupModel->insertInDb()
#2 [internal function]: SignupController->post()
#3 C:\wamp64\www\tourist-agency.dev\vendor\yeephp\yeephp\Yee\Managers\Controller\Controller.php(22): call_user_func_array(Array, Array)
#4 [internal function]: Yee\Managers\Controller\Controller::__callStatic('___post', Array)
#5 [internal function]: SignupController::___post()
#6 C:\wamp64\www\tourist-agency.dev\vendor\yeephp\yeephp\Yee\Route.php(462): call_user_func_array('SignupControlle...', Array)
#7 C:\wamp64\www\tourist-agency.dev\vendor\yeephp\yeephp\Yee\Yee.php(1333): Yee\Route->dispatch()
#8 C:\wamp64\www\tourist-agency.dev\vendor\yeephp\yeephp\Yee\Middleware\Flash.php(85): Yee\Yee->call()
#9 C:\wamp64\www\tourist-agency.dev\vendor\yeephp\yeephp\Yee\Middleware\MethodOverride.php(92): Yee\Middleware\Flash->call()
#10 C:\wamp64\www\tourist-agency.dev\vendor\yeephp\yeephp\Yee\Middleware\PrettyExceptions.php(67): Yee\Middleware\MethodOverride->call()
#11 C:\wamp64\www\tourist-agency.dev\vendor\yeephp\yeephp\Yee\Yee.php(1278): Yee\Middleware\PrettyExceptions->call()
#12 C:\wamp64\www\tourist-agency.dev\public\index.php(31): Yee\Yee->execute()
#13 {main}
ERROR - 2017-02-27 13:47:36 - exception 'ErrorException' with message 'Undefined variable: insert' in C:\wamp64\www\tourist-agency.dev\App\Models\SignupModel.php:29
Stack trace:
#0 C:\wamp64\www\tourist-agency.dev\App\Models\SignupModel.php(29): Yee\Yee::handleErrors(8, 'Undefined varia...', 'C:\\wamp64\\www\\t...', 29, Array)
#1 C:\wamp64\www\tourist-agency.dev\App\Controllers\SignupController.php(37): App\Models\SignupModel->insertInDb()
#2 [internal function]: SignupController->post()
#3 C:\wamp64\www\tourist-agency.dev\vendor\yeephp\yeephp\Yee\Managers\Controller\Controller.php(22): call_user_func_array(Array, Array)
#4 [internal function]: Yee\Managers\Controller\Controller::__callStatic('___post', Array)
#5 [internal function]: SignupController::___post()
#6 C:\wamp64\www\tourist-agency.dev\vendor\yeephp\yeephp\Yee\Route.php(462): call_user_func_array('SignupControlle...', Array)
#7 C:\wamp64\www\tourist-agency.dev\vendor\yeephp\yeephp\Yee\Yee.php(1333): Yee\Route->dispatch()
#8 C:\wamp64\www\tourist-agency.dev\vendor\yeephp\yeephp\Yee\Middleware\Flash.php(85): Yee\Yee->call()
#9 C:\wamp64\www\tourist-agency.dev\vendor\yeephp\yeephp\Yee\Middleware\MethodOverride.php(92): Yee\Middleware\Flash->call()
#10 C:\wamp64\www\tourist-agency.dev\vendor\yeephp\yeephp\Yee\Middleware\PrettyExceptions.php(67): Yee\Middleware\MethodOverride->call()
#11 C:\wamp64\www\tourist-agency.dev\vendor\yeephp\yeephp\Yee\Yee.php(1278): Yee\Middleware\PrettyExceptions->call()
#12 C:\wamp64\www\tourist-agency.dev\public\index.php(31): Yee\Yee->execute()
#13 {main}
ERROR - 2017-02-27 13:48:13 - exception 'ErrorException' with message 'Object of class Yee\Yee could not be converted to string' in C:\wamp64\www\tourist-agency.dev\App\Models\SignupModel.php:31
Stack trace:
#0 C:\wamp64\www\tourist-agency.dev\App\Models\SignupModel.php(31): Yee\Yee::handleErrors(4096, 'Object of class...', 'C:\\wamp64\\www\\t...', 31, Array)
#1 C:\wamp64\www\tourist-agency.dev\App\Controllers\SignupController.php(37): App\Models\SignupModel->insertInDb()
#2 [internal function]: SignupController->post()
#3 C:\wamp64\www\tourist-agency.dev\vendor\yeephp\yeephp\Yee\Managers\Controller\Controller.php(22): call_user_func_array(Array, Array)
#4 [internal function]: Yee\Managers\Controller\Controller::__callStatic('___post', Array)
#5 [internal function]: SignupController::___post()
#6 C:\wamp64\www\tourist-agency.dev\vendor\yeephp\yeephp\Yee\Route.php(462): call_user_func_array('SignupControlle...', Array)
#7 C:\wamp64\www\tourist-agency.dev\vendor\yeephp\yeephp\Yee\Yee.php(1333): Yee\Route->dispatch()
#8 C:\wamp64\www\tourist-agency.dev\vendor\yeephp\yeephp\Yee\Middleware\Flash.php(85): Yee\Yee->call()
#9 C:\wamp64\www\tourist-agency.dev\vendor\yeephp\yeephp\Yee\Middleware\MethodOverride.php(92): Yee\Middleware\Flash->call()
#10 C:\wamp64\www\tourist-agency.dev\vendor\yeephp\yeephp\Yee\Middleware\PrettyExceptions.php(67): Yee\Middleware\MethodOverride->call()
#11 C:\wamp64\www\tourist-agency.dev\vendor\yeephp\yeephp\Yee\Yee.php(1278): Yee\Middleware\PrettyExceptions->call()
#12 C:\wamp64\www\tourist-agency.dev\public\index.php(31): Yee\Yee->execute()
#13 {main}
ERROR - 2017-02-27 13:48:43 - exception 'ErrorException' with message 'Undefined variable: App' in C:\wamp64\www\tourist-agency.dev\App\Models\SignupModel.php:31
Stack trace:
#0 C:\wamp64\www\tourist-agency.dev\App\Models\SignupModel.php(31): Yee\Yee::handleErrors(8, 'Undefined varia...', 'C:\\wamp64\\www\\t...', 31, Array)
#1 C:\wamp64\www\tourist-agency.dev\App\Controllers\SignupController.php(37): App\Models\SignupModel->insertInDb()
#2 [internal function]: SignupController->post()
#3 C:\wamp64\www\tourist-agency.dev\vendor\yeephp\yeephp\Yee\Managers\Controller\Controller.php(22): call_user_func_array(Array, Array)
#4 [internal function]: Yee\Managers\Controller\Controller::__callStatic('___post', Array)
#5 [internal function]: SignupController::___post()
#6 C:\wamp64\www\tourist-agency.dev\vendor\yeephp\yeephp\Yee\Route.php(462): call_user_func_array('SignupControlle...', Array)
#7 C:\wamp64\www\tourist-agency.dev\vendor\yeephp\yeephp\Yee\Yee.php(1333): Yee\Route->dispatch()
#8 C:\wamp64\www\tourist-agency.dev\vendor\yeephp\yeephp\Yee\Middleware\Flash.php(85): Yee\Yee->call()
#9 C:\wamp64\www\tourist-agency.dev\vendor\yeephp\yeephp\Yee\Middleware\MethodOverride.php(92): Yee\Middleware\Flash->call()
#10 C:\wamp64\www\tourist-agency.dev\vendor\yeephp\yeephp\Yee\Middleware\PrettyExceptions.php(67): Yee\Middleware\MethodOverride->call()
#11 C:\wamp64\www\tourist-agency.dev\vendor\yeephp\yeephp\Yee\Yee.php(1278): Yee\Middleware\PrettyExceptions->call()
#12 C:\wamp64\www\tourist-agency.dev\public\index.php(31): Yee\Yee->execute()
#13 {main}
ERROR - 2017-02-27 13:49:10 - exception 'ErrorException' with message 'Undefined property: App\Models\SignupModel::$app' in C:\wamp64\www\tourist-agency.dev\App\Models\SignupModel.php:31
Stack trace:
#0 C:\wamp64\www\tourist-agency.dev\App\Models\SignupModel.php(31): Yee\Yee::handleErrors(8, 'Undefined prope...', 'C:\\wamp64\\www\\t...', 31, Array)
#1 C:\wamp64\www\tourist-agency.dev\App\Controllers\SignupController.php(37): App\Models\SignupModel->insertInDb()
#2 [internal function]: SignupController->post()
#3 C:\wamp64\www\tourist-agency.dev\vendor\yeephp\yeephp\Yee\Managers\Controller\Controller.php(22): call_user_func_array(Array, Array)
#4 [internal function]: Yee\Managers\Controller\Controller::__callStatic('___post', Array)
#5 [internal function]: SignupController::___post()
#6 C:\wamp64\www\tourist-agency.dev\vendor\yeephp\yeephp\Yee\Route.php(462): call_user_func_array('SignupControlle...', Array)
#7 C:\wamp64\www\tourist-agency.dev\vendor\yeephp\yeephp\Yee\Yee.php(1333): Yee\Route->dispatch()
#8 C:\wamp64\www\tourist-agency.dev\vendor\yeephp\yeephp\Yee\Middleware\Flash.php(85): Yee\Yee->call()
#9 C:\wamp64\www\tourist-agency.dev\vendor\yeephp\yeephp\Yee\Middleware\MethodOverride.php(92): Yee\Middleware\Flash->call()
#10 C:\wamp64\www\tourist-agency.dev\vendor\yeephp\yeephp\Yee\Middleware\PrettyExceptions.php(67): Yee\Middleware\MethodOverride->call()
#11 C:\wamp64\www\tourist-agency.dev\vendor\yeephp\yeephp\Yee\Yee.php(1278): Yee\Middleware\PrettyExceptions->call()
#12 C:\wamp64\www\tourist-agency.dev\public\index.php(31): Yee\Yee->execute()
#13 {main}
