ERROR - 2017-03-13 09:17:38 - exception 'ErrorException' with message 'date_format() expects parameter 1 to be DateTimeInterface, string given' in C:\wamp64\www\tourist-agency\tourist-agency\App\Models\AddDestinationModel.php:90
Stack trace:
#0 [internal function]: Yee\Yee::handleErrors(2, 'date_format() e...', 'C:\\wamp64\\www\\t...', 90, Array)
#1 C:\wamp64\www\tourist-agency\tourist-agency\App\Models\AddDestinationModel.php(90): date_format('2003-10-', 'd/m/Y')
#2 C:\wamp64\www\tourist-agency\tourist-agency\App\Controllers\AddDestinationController.php(40): App\Models\AddDestinationModel->insertDestinationInDb()
#3 [internal function]: AddDestinationController->post()
#4 C:\wamp64\www\tourist-agency\tourist-agency\vendor\yeephp\yeephp\Yee\Managers\Controller\Controller.php(22): call_user_func_array(Array, Array)
#5 [internal function]: Yee\Managers\Controller\Controller::__callStatic('___post', Array)
#6 [internal function]: AddDestinationController::___post()
#7 C:\wamp64\www\tourist-agency\tourist-agency\vendor\yeephp\yeephp\Yee\Route.php(462): call_user_func_array('AddDestinationC...', Array)
#8 C:\wamp64\www\tourist-agency\tourist-agency\vendor\yeephp\yeephp\Yee\Yee.php(1333): Yee\Route->dispatch()
#9 C:\wamp64\www\tourist-agency\tourist-agency\vendor\yeephp\yeephp\Yee\Middleware\Flash.php(85): Yee\Yee->call()
#10 C:\wamp64\www\tourist-agency\tourist-agency\vendor\yeephp\yeephp\Yee\Middleware\MethodOverride.php(92): Yee\Middleware\Flash->call()
#11 C:\wamp64\www\tourist-agency\tourist-agency\vendor\yeephp\yeephp\Yee\Middleware\SessionCookie.php(110): Yee\Middleware\MethodOverride->call()
#12 C:\wamp64\www\tourist-agency\tourist-agency\vendor\yeephp\yeephp\Yee\Middleware\PrettyExceptions.php(67): Yee\Middleware\SessionCookie->call()
#13 C:\wamp64\www\tourist-agency\tourist-agency\vendor\yeephp\yeephp\Yee\Yee.php(1278): Yee\Middleware\PrettyExceptions->call()
#14 C:\wamp64\www\tourist-agency\tourist-agency\public\index.php(48): Yee\Yee->execute()
#15 {main}
ERROR - 2017-03-13 09:18:18 - exception 'ErrorException' with message 'date_format() expects parameter 1 to be DateTimeInterface, string given' in C:\wamp64\www\tourist-agency\tourist-agency\App\Models\AddDestinationModel.php:90
Stack trace:
#0 [internal function]: Yee\Yee::handleErrors(2, 'date_format() e...', 'C:\\wamp64\\www\\t...', 90, Array)
#1 C:\wamp64\www\tourist-agency\tourist-agency\App\Models\AddDestinationModel.php(90): date_format('2003-10-', 'd/m/Y')
#2 C:\wamp64\www\tourist-agency\tourist-agency\App\Controllers\AddDestinationController.php(40): App\Models\AddDestinationModel->insertDestinationInDb()
#3 [internal function]: AddDestinationController->post()
#4 C:\wamp64\www\tourist-agency\tourist-agency\vendor\yeephp\yeephp\Yee\Managers\Controller\Controller.php(22): call_user_func_array(Array, Array)
#5 [internal function]: Yee\Managers\Controller\Controller::__callStatic('___post', Array)
#6 [internal function]: AddDestinationController::___post()
#7 C:\wamp64\www\tourist-agency\tourist-agency\vendor\yeephp\yeephp\Yee\Route.php(462): call_user_func_array('AddDestinationC...', Array)
#8 C:\wamp64\www\tourist-agency\tourist-agency\vendor\yeephp\yeephp\Yee\Yee.php(1333): Yee\Route->dispatch()
#9 C:\wamp64\www\tourist-agency\tourist-agency\vendor\yeephp\yeephp\Yee\Middleware\Flash.php(85): Yee\Yee->call()
#10 C:\wamp64\www\tourist-agency\tourist-agency\vendor\yeephp\yeephp\Yee\Middleware\MethodOverride.php(92): Yee\Middleware\Flash->call()
#11 C:\wamp64\www\tourist-agency\tourist-agency\vendor\yeephp\yeephp\Yee\Middleware\SessionCookie.php(110): Yee\Middleware\MethodOverride->call()
#12 C:\wamp64\www\tourist-agency\tourist-agency\vendor\yeephp\yeephp\Yee\Middleware\PrettyExceptions.php(67): Yee\Middleware\SessionCookie->call()
#13 C:\wamp64\www\tourist-agency\tourist-agency\vendor\yeephp\yeephp\Yee\Yee.php(1278): Yee\Middleware\PrettyExceptions->call()
#14 C:\wamp64\www\tourist-agency\tourist-agency\public\index.php(48): Yee\Yee->execute()
#15 {main}
ERROR - 2017-03-13 09:32:58 - exception 'ErrorException' with message 'date_format() expects parameter 1 to be DateTimeInterface, string given' in C:\wamp64\www\tourist-agency\tourist-agency\App\Models\AddDestinationModel.php:88
Stack trace:
#0 [internal function]: Yee\Yee::handleErrors(2, 'date_format() e...', 'C:\\wamp64\\www\\t...', 88, Array)
#1 C:\wamp64\www\tourist-agency\tourist-agency\App\Models\AddDestinationModel.php(88): date_format('2014-10-', 'd-m-Y')
#2 C:\wamp64\www\tourist-agency\tourist-agency\App\Controllers\AddDestinationController.php(40): App\Models\AddDestinationModel->insertDestinationInDb()
#3 [internal function]: AddDestinationController->post()
#4 C:\wamp64\www\tourist-agency\tourist-agency\vendor\yeephp\yeephp\Yee\Managers\Controller\Controller.php(22): call_user_func_array(Array, Array)
#5 [internal function]: Yee\Managers\Controller\Controller::__callStatic('___post', Array)
#6 [internal function]: AddDestinationController::___post()
#7 C:\wamp64\www\tourist-agency\tourist-agency\vendor\yeephp\yeephp\Yee\Route.php(462): call_user_func_array('AddDestinationC...', Array)
#8 C:\wamp64\www\tourist-agency\tourist-agency\vendor\yeephp\yeephp\Yee\Yee.php(1333): Yee\Route->dispatch()
#9 C:\wamp64\www\tourist-agency\tourist-agency\vendor\yeephp\yeephp\Yee\Middleware\Flash.php(85): Yee\Yee->call()
#10 C:\wamp64\www\tourist-agency\tourist-agency\vendor\yeephp\yeephp\Yee\Middleware\MethodOverride.php(92): Yee\Middleware\Flash->call()
#11 C:\wamp64\www\tourist-agency\tourist-agency\vendor\yeephp\yeephp\Yee\Middleware\SessionCookie.php(110): Yee\Middleware\MethodOverride->call()
#12 C:\wamp64\www\tourist-agency\tourist-agency\vendor\yeephp\yeephp\Yee\Middleware\PrettyExceptions.php(67): Yee\Middleware\SessionCookie->call()
#13 C:\wamp64\www\tourist-agency\tourist-agency\vendor\yeephp\yeephp\Yee\Yee.php(1278): Yee\Middleware\PrettyExceptions->call()
#14 C:\wamp64\www\tourist-agency\tourist-agency\public\index.php(48): Yee\Yee->execute()
#15 {main}
ERROR - 2017-03-13 09:33:15 - exception 'ErrorException' with message 'date_format() expects parameter 1 to be DateTimeInterface, string given' in C:\wamp64\www\tourist-agency\tourist-agency\App\Models\AddDestinationModel.php:88
Stack trace:
#0 [internal function]: Yee\Yee::handleErrors(2, 'date_format() e...', 'C:\\wamp64\\www\\t...', 88, Array)
#1 C:\wamp64\www\tourist-agency\tourist-agency\App\Models\AddDestinationModel.php(88): date_format('1991-10-', 'd-m-Y')
#2 C:\wamp64\www\tourist-agency\tourist-agency\App\Controllers\AddDestinationController.php(40): App\Models\AddDestinationModel->insertDestinationInDb()
#3 [internal function]: AddDestinationController->post()
#4 C:\wamp64\www\tourist-agency\tourist-agency\vendor\yeephp\yeephp\Yee\Managers\Controller\Controller.php(22): call_user_func_array(Array, Array)
#5 [internal function]: Yee\Managers\Controller\Controller::__callStatic('___post', Array)
#6 [internal function]: AddDestinationController::___post()
#7 C:\wamp64\www\tourist-agency\tourist-agency\vendor\yeephp\yeephp\Yee\Route.php(462): call_user_func_array('AddDestinationC...', Array)
#8 C:\wamp64\www\tourist-agency\tourist-agency\vendor\yeephp\yeephp\Yee\Yee.php(1333): Yee\Route->dispatch()
#9 C:\wamp64\www\tourist-agency\tourist-agency\vendor\yeephp\yeephp\Yee\Middleware\Flash.php(85): Yee\Yee->call()
#10 C:\wamp64\www\tourist-agency\tourist-agency\vendor\yeephp\yeephp\Yee\Middleware\MethodOverride.php(92): Yee\Middleware\Flash->call()
#11 C:\wamp64\www\tourist-agency\tourist-agency\vendor\yeephp\yeephp\Yee\Middleware\SessionCookie.php(110): Yee\Middleware\MethodOverride->call()
#12 C:\wamp64\www\tourist-agency\tourist-agency\vendor\yeephp\yeephp\Yee\Middleware\PrettyExceptions.php(67): Yee\Middleware\SessionCookie->call()
#13 C:\wamp64\www\tourist-agency\tourist-agency\vendor\yeephp\yeephp\Yee\Yee.php(1278): Yee\Middleware\PrettyExceptions->call()
#14 C:\wamp64\www\tourist-agency\tourist-agency\public\index.php(48): Yee\Yee->execute()
#15 {main}
ERROR - 2017-03-13 09:43:58 - exception 'ErrorException' with message 'date_format() expects parameter 1 to be DateTimeInterface, string given' in C:\wamp64\www\tourist-agency\tourist-agency\App\Models\AddDestinationModel.php:88
Stack trace:
#0 [internal function]: Yee\Yee::handleErrors(2, 'date_format() e...', 'C:\\wamp64\\www\\t...', 88, Array)
#1 C:\wamp64\www\tourist-agency\tourist-agency\App\Models\AddDestinationModel.php(88): date_format('s:8:"2011-02-";', 'Y-m-d')
#2 C:\wamp64\www\tourist-agency\tourist-agency\App\Controllers\AddDestinationController.php(40): App\Models\AddDestinationModel->insertDestinationInDb()
#3 [internal function]: AddDestinationController->post()
#4 C:\wamp64\www\tourist-agency\tourist-agency\vendor\yeephp\yeephp\Yee\Managers\Controller\Controller.php(22): call_user_func_array(Array, Array)
#5 [internal function]: Yee\Managers\Controller\Controller::__callStatic('___post', Array)
#6 [internal function]: AddDestinationController::___post()
#7 C:\wamp64\www\tourist-agency\tourist-agency\vendor\yeephp\yeephp\Yee\Route.php(462): call_user_func_array('AddDestinationC...', Array)
#8 C:\wamp64\www\tourist-agency\tourist-agency\vendor\yeephp\yeephp\Yee\Yee.php(1333): Yee\Route->dispatch()
#9 C:\wamp64\www\tourist-agency\tourist-agency\vendor\yeephp\yeephp\Yee\Middleware\Flash.php(85): Yee\Yee->call()
#10 C:\wamp64\www\tourist-agency\tourist-agency\vendor\yeephp\yeephp\Yee\Middleware\MethodOverride.php(92): Yee\Middleware\Flash->call()
#11 C:\wamp64\www\tourist-agency\tourist-agency\vendor\yeephp\yeephp\Yee\Middleware\SessionCookie.php(110): Yee\Middleware\MethodOverride->call()
#12 C:\wamp64\www\tourist-agency\tourist-agency\vendor\yeephp\yeephp\Yee\Middleware\PrettyExceptions.php(67): Yee\Middleware\SessionCookie->call()
#13 C:\wamp64\www\tourist-agency\tourist-agency\vendor\yeephp\yeephp\Yee\Yee.php(1278): Yee\Middleware\PrettyExceptions->call()
#14 C:\wamp64\www\tourist-agency\tourist-agency\public\index.php(48): Yee\Yee->execute()
#15 {main}
ERROR - 2017-03-13 09:44:10 - exception 'ErrorException' with message 'date_format() expects parameter 1 to be DateTimeInterface, string given' in C:\wamp64\www\tourist-agency\tourist-agency\App\Models\AddDestinationModel.php:88
Stack trace:
#0 [internal function]: Yee\Yee::handleErrors(2, 'date_format() e...', 'C:\\wamp64\\www\\t...', 88, Array)
#1 C:\wamp64\www\tourist-agency\tourist-agency\App\Models\AddDestinationModel.php(88): date_format('s:8:"1981-11-";', 'Y-m-d')
#2 C:\wamp64\www\tourist-agency\tourist-agency\App\Controllers\AddDestinationController.php(40): App\Models\AddDestinationModel->insertDestinationInDb()
#3 [internal function]: AddDestinationController->post()
#4 C:\wamp64\www\tourist-agency\tourist-agency\vendor\yeephp\yeephp\Yee\Managers\Controller\Controller.php(22): call_user_func_array(Array, Array)
#5 [internal function]: Yee\Managers\Controller\Controller::__callStatic('___post', Array)
#6 [internal function]: AddDestinationController::___post()
#7 C:\wamp64\www\tourist-agency\tourist-agency\vendor\yeephp\yeephp\Yee\Route.php(462): call_user_func_array('AddDestinationC...', Array)
#8 C:\wamp64\www\tourist-agency\tourist-agency\vendor\yeephp\yeephp\Yee\Yee.php(1333): Yee\Route->dispatch()
#9 C:\wamp64\www\tourist-agency\tourist-agency\vendor\yeephp\yeephp\Yee\Middleware\Flash.php(85): Yee\Yee->call()
#10 C:\wamp64\www\tourist-agency\tourist-agency\vendor\yeephp\yeephp\Yee\Middleware\MethodOverride.php(92): Yee\Middleware\Flash->call()
#11 C:\wamp64\www\tourist-agency\tourist-agency\vendor\yeephp\yeephp\Yee\Middleware\SessionCookie.php(110): Yee\Middleware\MethodOverride->call()
#12 C:\wamp64\www\tourist-agency\tourist-agency\vendor\yeephp\yeephp\Yee\Middleware\PrettyExceptions.php(67): Yee\Middleware\SessionCookie->call()
#13 C:\wamp64\www\tourist-agency\tourist-agency\vendor\yeephp\yeephp\Yee\Yee.php(1278): Yee\Middleware\PrettyExceptions->call()
#14 C:\wamp64\www\tourist-agency\tourist-agency\public\index.php(48): Yee\Yee->execute()
#15 {main}
ERROR - 2017-03-13 09:45:51 - exception 'ErrorException' with message 'date_format() expects parameter 1 to be DateTimeInterface, string given' in C:\wamp64\www\tourist-agency\tourist-agency\App\Models\AddDestinationModel.php:88
Stack trace:
#0 [internal function]: Yee\Yee::handleErrors(2, 'date_format() e...', 'C:\\wamp64\\www\\t...', 88, Array)
#1 C:\wamp64\www\tourist-agency\tourist-agency\App\Models\AddDestinationModel.php(88): date_format('s:8:"1980-02-";', 'm-d-Y')
#2 C:\wamp64\www\tourist-agency\tourist-agency\App\Controllers\AddDestinationController.php(40): App\Models\AddDestinationModel->insertDestinationInDb()
#3 [internal function]: AddDestinationController->post()
#4 C:\wamp64\www\tourist-agency\tourist-agency\vendor\yeephp\yeephp\Yee\Managers\Controller\Controller.php(22): call_user_func_array(Array, Array)
#5 [internal function]: Yee\Managers\Controller\Controller::__callStatic('___post', Array)
#6 [internal function]: AddDestinationController::___post()
#7 C:\wamp64\www\tourist-agency\tourist-agency\vendor\yeephp\yeephp\Yee\Route.php(462): call_user_func_array('AddDestinationC...', Array)
#8 C:\wamp64\www\tourist-agency\tourist-agency\vendor\yeephp\yeephp\Yee\Yee.php(1333): Yee\Route->dispatch()
#9 C:\wamp64\www\tourist-agency\tourist-agency\vendor\yeephp\yeephp\Yee\Middleware\Flash.php(85): Yee\Yee->call()
#10 C:\wamp64\www\tourist-agency\tourist-agency\vendor\yeephp\yeephp\Yee\Middleware\MethodOverride.php(92): Yee\Middleware\Flash->call()
#11 C:\wamp64\www\tourist-agency\tourist-agency\vendor\yeephp\yeephp\Yee\Middleware\SessionCookie.php(110): Yee\Middleware\MethodOverride->call()
#12 C:\wamp64\www\tourist-agency\tourist-agency\vendor\yeephp\yeephp\Yee\Middleware\PrettyExceptions.php(67): Yee\Middleware\SessionCookie->call()
#13 C:\wamp64\www\tourist-agency\tourist-agency\vendor\yeephp\yeephp\Yee\Yee.php(1278): Yee\Middleware\PrettyExceptions->call()
#14 C:\wamp64\www\tourist-agency\tourist-agency\public\index.php(48): Yee\Yee->execute()
#15 {main}
ERROR - 2017-03-13 09:48:52 - exception 'ErrorException' with message 'date_format() expects parameter 1 to be DateTimeInterface, string given' in C:\wamp64\www\tourist-agency\tourist-agency\App\Models\AddDestinationModel.php:88
Stack trace:
#0 [internal function]: Yee\Yee::handleErrors(2, 'date_format() e...', 'C:\\wamp64\\www\\t...', 88, Array)
#1 C:\wamp64\www\tourist-agency\tourist-agency\App\Models\AddDestinationModel.php(88): date_format('s:8:"1995-04-";', 'Y-m-d')
#2 C:\wamp64\www\tourist-agency\tourist-agency\App\Controllers\AddDestinationController.php(40): App\Models\AddDestinationModel->insertDestinationInDb()
#3 [internal function]: AddDestinationController->post()
#4 C:\wamp64\www\tourist-agency\tourist-agency\vendor\yeephp\yeephp\Yee\Managers\Controller\Controller.php(22): call_user_func_array(Array, Array)
#5 [internal function]: Yee\Managers\Controller\Controller::__callStatic('___post', Array)
#6 [internal function]: AddDestinationController::___post()
#7 C:\wamp64\www\tourist-agency\tourist-agency\vendor\yeephp\yeephp\Yee\Route.php(462): call_user_func_array('AddDestinationC...', Array)
#8 C:\wamp64\www\tourist-agency\tourist-agency\vendor\yeephp\yeephp\Yee\Yee.php(1333): Yee\Route->dispatch()
#9 C:\wamp64\www\tourist-agency\tourist-agency\vendor\yeephp\yeephp\Yee\Middleware\Flash.php(85): Yee\Yee->call()
#10 C:\wamp64\www\tourist-agency\tourist-agency\vendor\yeephp\yeephp\Yee\Middleware\MethodOverride.php(92): Yee\Middleware\Flash->call()
#11 C:\wamp64\www\tourist-agency\tourist-agency\vendor\yeephp\yeephp\Yee\Middleware\SessionCookie.php(110): Yee\Middleware\MethodOverride->call()
#12 C:\wamp64\www\tourist-agency\tourist-agency\vendor\yeephp\yeephp\Yee\Middleware\PrettyExceptions.php(67): Yee\Middleware\SessionCookie->call()
#13 C:\wamp64\www\tourist-agency\tourist-agency\vendor\yeephp\yeephp\Yee\Yee.php(1278): Yee\Middleware\PrettyExceptions->call()
#14 C:\wamp64\www\tourist-agency\tourist-agency\public\index.php(48): Yee\Yee->execute()
#15 {main}
ERROR - 2017-03-13 09:57:15 - exception 'ErrorException' with message 'date_format() expects parameter 1 to be DateTimeInterface, boolean given' in C:\wamp64\www\tourist-agency\tourist-agency\App\Models\AddDestinationModel.php:88
Stack trace:
#0 [internal function]: Yee\Yee::handleErrors(2, 'date_format() e...', 'C:\\wamp64\\www\\t...', 88, Array)
#1 C:\wamp64\www\tourist-agency\tourist-agency\App\Models\AddDestinationModel.php(88): date_format(false, 'Y-m-d')
#2 C:\wamp64\www\tourist-agency\tourist-agency\App\Controllers\AddDestinationController.php(40): App\Models\AddDestinationModel->insertDestinationInDb()
#3 [internal function]: AddDestinationController->post()
#4 C:\wamp64\www\tourist-agency\tourist-agency\vendor\yeephp\yeephp\Yee\Managers\Controller\Controller.php(22): call_user_func_array(Array, Array)
#5 [internal function]: Yee\Managers\Controller\Controller::__callStatic('___post', Array)
#6 [internal function]: AddDestinationController::___post()
#7 C:\wamp64\www\tourist-agency\tourist-agency\vendor\yeephp\yeephp\Yee\Route.php(462): call_user_func_array('AddDestinationC...', Array)
#8 C:\wamp64\www\tourist-agency\tourist-agency\vendor\yeephp\yeephp\Yee\Yee.php(1333): Yee\Route->dispatch()
#9 C:\wamp64\www\tourist-agency\tourist-agency\vendor\yeephp\yeephp\Yee\Middleware\Flash.php(85): Yee\Yee->call()
#10 C:\wamp64\www\tourist-agency\tourist-agency\vendor\yeephp\yeephp\Yee\Middleware\MethodOverride.php(92): Yee\Middleware\Flash->call()
#11 C:\wamp64\www\tourist-agency\tourist-agency\vendor\yeephp\yeephp\Yee\Middleware\SessionCookie.php(110): Yee\Middleware\MethodOverride->call()
#12 C:\wamp64\www\tourist-agency\tourist-agency\vendor\yeephp\yeephp\Yee\Middleware\PrettyExceptions.php(67): Yee\Middleware\SessionCookie->call()
#13 C:\wamp64\www\tourist-agency\tourist-agency\vendor\yeephp\yeephp\Yee\Yee.php(1278): Yee\Middleware\PrettyExceptions->call()
#14 C:\wamp64\www\tourist-agency\tourist-agency\public\index.php(48): Yee\Yee->execute()
#15 {main}
ERROR - 2017-03-13 12:27:50 - exception 'ErrorException' with message 'Undefined variable: destination' in C:\wamp64\www\tourist-agency\tourist-agency\App\Models\DestinationsModel.php:30
Stack trace:
#0 C:\wamp64\www\tourist-agency\tourist-agency\App\Models\DestinationsModel.php(30): Yee\Yee::handleErrors(8, 'Undefined varia...', 'C:\\wamp64\\www\\t...', 30, Array)
#1 C:\wamp64\www\tourist-agency\tourist-agency\App\Controllers\DestinationsController.php(19): App\Models\DestinationsModel->printDestinations()
#2 [internal function]: DestinationsController->index()
#3 C:\wamp64\www\tourist-agency\tourist-agency\vendor\yeephp\yeephp\Yee\Managers\Controller\Controller.php(22): call_user_func_array(Array, Array)
#4 [internal function]: Yee\Managers\Controller\Controller::__callStatic('___index', Array)
#5 [internal function]: DestinationsController::___index()
#6 C:\wamp64\www\tourist-agency\tourist-agency\vendor\yeephp\yeephp\Yee\Route.php(462): call_user_func_array('DestinationsCon...', Array)
#7 C:\wamp64\www\tourist-agency\tourist-agency\vendor\yeephp\yeephp\Yee\Yee.php(1333): Yee\Route->dispatch()
#8 C:\wamp64\www\tourist-agency\tourist-agency\vendor\yeephp\yeephp\Yee\Middleware\Flash.php(85): Yee\Yee->call()
#9 C:\wamp64\www\tourist-agency\tourist-agency\vendor\yeephp\yeephp\Yee\Middleware\MethodOverride.php(92): Yee\Middleware\Flash->call()
#10 C:\wamp64\www\tourist-agency\tourist-agency\vendor\yeephp\yeephp\Yee\Middleware\SessionCookie.php(110): Yee\Middleware\MethodOverride->call()
#11 C:\wamp64\www\tourist-agency\tourist-agency\vendor\yeephp\yeephp\Yee\Middleware\PrettyExceptions.php(67): Yee\Middleware\SessionCookie->call()
#12 C:\wamp64\www\tourist-agency\tourist-agency\vendor\yeephp\yeephp\Yee\Yee.php(1278): Yee\Middleware\PrettyExceptions->call()
#13 C:\wamp64\www\tourist-agency\tourist-agency\public\index.php(48): Yee\Yee->execute()
#14 {main}
ERROR - 2017-03-13 12:54:28 - exception 'ErrorException' with message 'Undefined variable: projects' in C:\wamp64\www\tourist-agency\tourist-agency\App\Models\DestinationsModel.php:32
Stack trace:
#0 C:\wamp64\www\tourist-agency\tourist-agency\App\Models\DestinationsModel.php(32): Yee\Yee::handleErrors(8, 'Undefined varia...', 'C:\\wamp64\\www\\t...', 32, Array)
#1 C:\wamp64\www\tourist-agency\tourist-agency\App\Controllers\DestinationsController.php(19): App\Models\DestinationsModel->printDestinations()
#2 [internal function]: DestinationsController->index()
#3 C:\wamp64\www\tourist-agency\tourist-agency\vendor\yeephp\yeephp\Yee\Managers\Controller\Controller.php(22): call_user_func_array(Array, Array)
#4 [internal function]: Yee\Managers\Controller\Controller::__callStatic('___index', Array)
#5 [internal function]: DestinationsController::___index()
#6 C:\wamp64\www\tourist-agency\tourist-agency\vendor\yeephp\yeephp\Yee\Route.php(462): call_user_func_array('DestinationsCon...', Array)
#7 C:\wamp64\www\tourist-agency\tourist-agency\vendor\yeephp\yeephp\Yee\Yee.php(1333): Yee\Route->dispatch()
#8 C:\wamp64\www\tourist-agency\tourist-agency\vendor\yeephp\yeephp\Yee\Middleware\Flash.php(85): Yee\Yee->call()
#9 C:\wamp64\www\tourist-agency\tourist-agency\vendor\yeephp\yeephp\Yee\Middleware\MethodOverride.php(92): Yee\Middleware\Flash->call()
#10 C:\wamp64\www\tourist-agency\tourist-agency\vendor\yeephp\yeephp\Yee\Middleware\SessionCookie.php(110): Yee\Middleware\MethodOverride->call()
#11 C:\wamp64\www\tourist-agency\tourist-agency\vendor\yeephp\yeephp\Yee\Middleware\PrettyExceptions.php(67): Yee\Middleware\SessionCookie->call()
#12 C:\wamp64\www\tourist-agency\tourist-agency\vendor\yeephp\yeephp\Yee\Yee.php(1278): Yee\Middleware\PrettyExceptions->call()
#13 C:\wamp64\www\tourist-agency\tourist-agency\public\index.php(48): Yee\Yee->execute()
#14 {main}
